{"meta": {"format": 3, "version": "7.10.5", "timestamp": "2025-08-24T15:06:59.475520", "branch_coverage": false, "show_contexts": false}, "files": {"src/crewai_email_triage/__init__.py": {"executed_lines": [1, 3, 4, 5, 7, 9, 18, 25, 26, 34, 41, 48, 49, 50, 54, 55, 56, 57, 58, 65, 72, 73, 74, 75, 83, 84, 85, 86, 94, 95, 104, 112, 113, 120], "summary": {"covered_lines": 33, "num_statements": 42, "percent_covered": 78.57142857142857, "percent_covered_display": "79", "missing_lines": 9, "excluded_lines": 0}, "missing_lines": [106, 107, 108, 109, 114, 115, 116, 117, 118], "excluded_lines": [], "functions": {"_read_version_from_pyproject": {"executed_lines": [], "summary": {"covered_lines": 0, "num_statements": 4, "percent_covered": 0.0, "percent_covered_display": "0", "missing_lines": 4, "excluded_lines": 0}, "missing_lines": [106, 107, 108, 109], "excluded_lines": []}, "": {"executed_lines": [1, 3, 4, 5, 7, 9, 18, 25, 26, 34, 41, 48, 49, 50, 54, 55, 56, 57, 58, 65, 72, 73, 74, 75, 83, 84, 85, 86, 94, 95, 104, 112, 113, 120], "summary": {"covered_lines": 33, "num_statements": 38, "percent_covered": 86.84210526315789, "percent_covered_display": "87", "missing_lines": 5, "excluded_lines": 0}, "missing_lines": [114, 115, 116, 117, 118], "excluded_lines": []}}, "classes": {"": {"executed_lines": [1, 3, 4, 5, 7, 9, 18, 25, 26, 34, 41, 48, 49, 50, 54, 55, 56, 57, 58, 65, 72, 73, 74, 75, 83, 84, 85, 86, 94, 95, 104, 112, 113, 120], "summary": {"covered_lines": 33, "num_statements": 42, "percent_covered": 78.57142857142857, "percent_covered_display": "79", "missing_lines": 9, "excluded_lines": 0}, "missing_lines": [106, 107, 108, 109, 114, 115, 116, 117, 118], "excluded_lines": []}}}, "src/crewai_email_triage/adaptive_intelligence_engine.py": {"executed_lines": [], "summary": {"covered_lines": 0, "num_statements": 203, "percent_covered": 0.0, "percent_covered_display": "0", "missing_lines": 203, "excluded_lines": 0}, "missing_lines": [3, 5, 6, 7, 8, 9, 10, 11, 13, 15, 17, 20, 22, 23, 24, 25, 28, 29, 31, 32, 33, 34, 35, 36, 39, 42, 43, 44, 45, 46, 47, 48, 49, 50, 52, 54, 55, 56, 58, 61, 62, 64, 66, 69, 72, 73, 74, 75, 76, 77, 78, 80, 85, 88, 91, 92, 94, 97, 98, 99, 102, 104, 112, 115, 125, 126, 127, 128, 130, 132, 134, 137, 138, 139, 142, 145, 147, 149, 152, 154, 155, 158, 162, 163, 165, 171, 173, 176, 177, 179, 186, 188, 190, 191, 192, 193, 194, 195, 197, 199, 202, 204, 205, 206, 207, 209, 210, 211, 212, 214, 215, 216, 217, 220, 221, 222, 223, 224, 225, 227, 233, 235, 237, 239, 240, 242, 243, 245, 246, 248, 250, 253, 254, 255, 257, 258, 259, 260, 262, 263, 264, 266, 274, 277, 278, 280, 282, 283, 285, 286, 287, 288, 290, 291, 293, 294, 295, 297, 312, 315, 316, 317, 318, 320, 325, 328, 331, 333, 340, 345, 348, 351, 353, 361, 364, 371, 374, 381, 384, 391, 393, 394, 398, 399, 402, 405, 406, 407, 410, 413, 414, 415, 418, 422, 423, 424, 429, 430, 435, 438, 440, 441, 445], "excluded_lines": [], "functions": {"AdaptivePattern.__init__": {"executed_lines": [], "summary": {"covered_lines": 0, "num_statements": 8, "percent_covered": 0.0, "percent_covered_display": "0", "missing_lines": 8, "excluded_lines": 0}, "missing_lines": [43, 44, 45, 46, 47, 48, 49, 50], "excluded_lines": []}, "AdaptivePattern.update_success": {"executed_lines": [], "summary": {"covered_lines": 0, "num_statements": 6, "percent_covered": 0.0, "percent_covered_display": "0", "missing_lines": 6, "excluded_lines": 0}, "missing_lines": [54, 55, 56, 58, 61, 62], "excluded_lines": []}, "AdaptivePattern.is_reliable": {"executed_lines": [], "summary": {"covered_lines": 0, "num_statements": 1, "percent_covered": 0.0, "percent_covered_display": "0", "missing_lines": 1, "excluded_lines": 0}, "missing_lines": [66], "excluded_lines": []}, "IntelligenceEngine.__init__": {"executed_lines": [], "summary": {"covered_lines": 0, "num_statements": 6, "percent_covered": 0.0, "percent_covered_display": "0", "missing_lines": 6, "excluded_lines": 0}, "missing_lines": [73, 74, 75, 76, 77, 78], "excluded_lines": []}, "IntelligenceEngine.analyze_and_adapt": {"executed_lines": [], "summary": {"covered_lines": 0, "num_statements": 10, "percent_covered": 0.0, "percent_covered_display": "0", "missing_lines": 10, "excluded_lines": 0}, "missing_lines": [85, 88, 91, 92, 94, 97, 98, 99, 102, 104], "excluded_lines": []}, "IntelligenceEngine._extract_features": {"executed_lines": [], "summary": {"covered_lines": 0, "num_statements": 6, "percent_covered": 0.0, "percent_covered_display": "0", "missing_lines": 6, "excluded_lines": 0}, "missing_lines": [115, 125, 126, 127, 128, 130], "excluded_lines": []}, "IntelligenceEngine._calculate_complexity": {"executed_lines": [], "summary": {"covered_lines": 0, "num_statements": 7, "percent_covered": 0.0, "percent_covered_display": "0", "missing_lines": 7, "excluded_lines": 0}, "missing_lines": [134, 137, 138, 139, 142, 145, 147], "excluded_lines": []}, "IntelligenceEngine._identify_pattern": {"executed_lines": [], "summary": {"covered_lines": 0, "num_statements": 8, "percent_covered": 0.0, "percent_covered_display": "0", "missing_lines": 8, "excluded_lines": 0}, "missing_lines": [152, 154, 155, 158, 162, 163, 165, 171], "excluded_lines": []}, "IntelligenceEngine._create_pattern_signature": {"executed_lines": [], "summary": {"covered_lines": 0, "num_statements": 4, "percent_covered": 0.0, "percent_covered_display": "0", "missing_lines": 4, "excluded_lines": 0}, "missing_lines": [176, 177, 179, 186], "excluded_lines": []}, "IntelligenceEngine._classify_pattern_type": {"executed_lines": [], "summary": {"covered_lines": 0, "num_statements": 7, "percent_covered": 0.0, "percent_covered_display": "0", "missing_lines": 7, "excluded_lines": 0}, "missing_lines": [190, 191, 192, 193, 194, 195, 197], "excluded_lines": []}, "IntelligenceEngine._generate_adaptations": {"executed_lines": [], "summary": {"covered_lines": 0, "num_statements": 21, "percent_covered": 0.0, "percent_covered_display": "0", "missing_lines": 21, "excluded_lines": 0}, "missing_lines": [202, 204, 205, 206, 207, 209, 210, 211, 212, 214, 215, 216, 217, 220, 221, 222, 223, 224, 225, 227, 233], "excluded_lines": []}, "IntelligenceEngine._generate_recommendations": {"executed_lines": [], "summary": {"covered_lines": 0, "num_statements": 8, "percent_covered": 0.0, "percent_covered_display": "0", "missing_lines": 8, "excluded_lines": 0}, "missing_lines": [237, 239, 240, 242, 243, 245, 246, 248], "excluded_lines": []}, "IntelligenceEngine._record_learning_metrics": {"executed_lines": [], "summary": {"covered_lines": 0, "num_statements": 14, "percent_covered": 0.0, "percent_covered_display": "0", "missing_lines": 14, "excluded_lines": 0}, "missing_lines": [253, 254, 255, 257, 258, 259, 260, 262, 263, 264, 266, 274, 277, 278], "excluded_lines": []}, "IntelligenceEngine.get_intelligence_report": {"executed_lines": [], "summary": {"covered_lines": 0, "num_statements": 12, "percent_covered": 0.0, "percent_covered_display": "0", "missing_lines": 12, "excluded_lines": 0}, "missing_lines": [282, 283, 285, 286, 287, 288, 290, 291, 293, 294, 295, 297], "excluded_lines": []}, "QuantumIntelligenceEngine.__init__": {"executed_lines": [], "summary": {"covered_lines": 0, "num_statements": 3, "percent_covered": 0.0, "percent_covered_display": "0", "missing_lines": 3, "excluded_lines": 0}, "missing_lines": [316, 317, 318], "excluded_lines": []}, "QuantumIntelligenceEngine.quantum_analyze": {"executed_lines": [], "summary": {"covered_lines": 0, "num_statements": 4, "percent_covered": 0.0, "percent_covered_display": "0", "missing_lines": 4, "excluded_lines": 0}, "missing_lines": [325, 328, 331, 333], "excluded_lines": []}, "QuantumIntelligenceEngine._generate_quantum_insights": {"executed_lines": [], "summary": {"covered_lines": 0, "num_statements": 4, "percent_covered": 0.0, "percent_covered_display": "0", "missing_lines": 4, "excluded_lines": 0}, "missing_lines": [345, 348, 351, 353], "excluded_lines": []}, "QuantumIntelligenceEngine._calculate_superposition_states": {"executed_lines": [], "summary": {"covered_lines": 0, "num_statements": 1, "percent_covered": 0.0, "percent_covered_display": "0", "missing_lines": 1, "excluded_lines": 0}, "missing_lines": [364], "excluded_lines": []}, "QuantumIntelligenceEngine._find_entanglement_correlations": {"executed_lines": [], "summary": {"covered_lines": 0, "num_statements": 1, "percent_covered": 0.0, "percent_covered_display": "0", "missing_lines": 1, "excluded_lines": 0}, "missing_lines": [374], "excluded_lines": []}, "QuantumIntelligenceEngine._quantum_predict": {"executed_lines": [], "summary": {"covered_lines": 0, "num_statements": 1, "percent_covered": 0.0, "percent_covered_display": "0", "missing_lines": 1, "excluded_lines": 0}, "missing_lines": [384], "excluded_lines": []}, "QuantumIntelligenceEngine._update_consciousness": {"executed_lines": [], "summary": {"covered_lines": 0, "num_statements": 2, "percent_covered": 0.0, "percent_covered_display": "0", "missing_lines": 2, "excluded_lines": 0}, "missing_lines": [393, 394], "excluded_lines": []}, "get_intelligence_engine": {"executed_lines": [], "summary": {"covered_lines": 0, "num_statements": 3, "percent_covered": 0.0, "percent_covered_display": "0", "missing_lines": 3, "excluded_lines": 0}, "missing_lines": [405, 406, 407], "excluded_lines": []}, "get_quantum_intelligence_engine": {"executed_lines": [], "summary": {"covered_lines": 0, "num_statements": 3, "percent_covered": 0.0, "percent_covered_display": "0", "missing_lines": 3, "excluded_lines": 0}, "missing_lines": [413, 414, 415], "excluded_lines": []}, "enable_adaptive_intelligence": {"executed_lines": [], "summary": {"covered_lines": 0, "num_statements": 6, "percent_covered": 0.0, "percent_covered_display": "0", "missing_lines": 6, "excluded_lines": 0}, "missing_lines": [422, 423, 424, 429, 430, 435], "excluded_lines": []}, "get_intelligence_status": {"executed_lines": [], "summary": {"covered_lines": 0, "num_statements": 2, "percent_covered": 0.0, "percent_covered_display": "0", "missing_lines": 2, "excluded_lines": 0}, "missing_lines": [440, 441], "excluded_lines": []}, "": {"executed_lines": [], "summary": {"covered_lines": 0, "num_statements": 55, "percent_covered": 0.0, "percent_covered_display": "0", "missing_lines": 55, "excluded_lines": 0}, "missing_lines": [3, 5, 6, 7, 8, 9, 10, 11, 13, 15, 17, 20, 22, 23, 24, 25, 28, 29, 31, 32, 33, 34, 35, 36, 39, 42, 52, 64, 69, 72, 80, 112, 132, 149, 173, 188, 199, 235, 250, 280, 312, 315, 320, 340, 361, 371, 381, 391, 398, 399, 402, 410, 418, 438, 445], "excluded_lines": []}}, "classes": {"LearningMode": {"executed_lines": [], "summary": {"covered_lines": 0, "num_statements": 0, "percent_covered": 100.0, "percent_covered_display": "100", "missing_lines": 0, "excluded_lines": 0}, "missing_lines": [], "excluded_lines": []}, "LearningMetrics": {"executed_lines": [], "summary": {"covered_lines": 0, "num_statements": 0, "percent_covered": 100.0, "percent_covered_display": "100", "missing_lines": 0, "excluded_lines": 0}, "missing_lines": [], "excluded_lines": []}, "AdaptivePattern": {"executed_lines": [], "summary": {"covered_lines": 0, "num_statements": 15, "percent_covered": 0.0, "percent_covered_display": "0", "missing_lines": 15, "excluded_lines": 0}, "missing_lines": [43, 44, 45, 46, 47, 48, 49, 50, 54, 55, 56, 58, 61, 62, 66], "excluded_lines": []}, "IntelligenceEngine": {"executed_lines": [], "summary": {"covered_lines": 0, "num_statements": 103, "percent_covered": 0.0, "percent_covered_display": "0", "missing_lines": 103, "excluded_lines": 0}, "missing_lines": [73, 74, 75, 76, 77, 78, 85, 88, 91, 92, 94, 97, 98, 99, 102, 104, 115, 125, 126, 127, 128, 130, 134, 137, 138, 139, 142, 145, 147, 152, 154, 155, 158, 162, 163, 165, 171, 176, 177, 179, 186, 190, 191, 192, 193, 194, 195, 197, 202, 204, 205, 206, 207, 209, 210, 211, 212, 214, 215, 216, 217, 220, 221, 222, 223, 224, 225, 227, 233, 237, 239, 240, 242, 243, 245, 246, 248, 253, 254, 255, 257, 258, 259, 260, 262, 263, 264, 266, 274, 277, 278, 282, 283, 285, 286, 287, 288, 290, 291, 293, 294, 295, 297], "excluded_lines": []}, "QuantumIntelligenceEngine": {"executed_lines": [], "summary": {"covered_lines": 0, "num_statements": 16, "percent_covered": 0.0, "percent_covered_display": "0", "missing_lines": 16, "excluded_lines": 0}, "missing_lines": [316, 317, 318, 325, 328, 331, 333, 345, 348, 351, 353, 364, 374, 384, 393, 394], "excluded_lines": []}, "": {"executed_lines": [], "summary": {"covered_lines": 0, "num_statements": 69, "percent_covered": 0.0, "percent_covered_display": "0", "missing_lines": 69, "excluded_lines": 0}, "missing_lines": [3, 5, 6, 7, 8, 9, 10, 11, 13, 15, 17, 20, 22, 23, 24, 25, 28, 29, 31, 32, 33, 34, 35, 36, 39, 42, 52, 64, 69, 72, 80, 112, 132, 149, 173, 188, 199, 235, 250, 280, 312, 315, 320, 340, 361, 371, 381, 391, 398, 399, 402, 405, 406, 407, 410, 413, 414, 415, 418, 422, 423, 424, 429, 430, 435, 438, 440, 441, 445], "excluded_lines": []}}}, "src/crewai_email_triage/adaptive_performance_engine.py": {"executed_lines": [], "summary": {"covered_lines": 0, "num_statements": 260, "percent_covered": 0.0, "percent_covered_display": "0", "missing_lines": 260, "excluded_lines": 0}, "missing_lines": [7, 9, 10, 11, 12, 13, 14, 15, 16, 17, 18, 19, 20, 21, 22, 24, 25, 26, 29, 31, 32, 33, 34, 35, 38, 40, 41, 42, 43, 44, 45, 46, 49, 50, 52, 53, 54, 55, 56, 57, 58, 59, 60, 61, 62, 63, 66, 67, 69, 70, 71, 72, 73, 74, 77, 80, 81, 82, 83, 85, 87, 90, 91, 94, 95, 98, 99, 100, 102, 117, 120, 121, 123, 125, 127, 128, 131, 132, 133, 134, 135, 137, 138, 139, 140, 142, 161, 164, 165, 166, 167, 169, 172, 175, 176, 178, 180, 183, 184, 186, 189, 190, 191, 194, 195, 196, 199, 200, 201, 204, 206, 208, 211, 214, 215, 216, 217, 218, 219, 221, 222, 225, 226, 230, 231, 232, 233, 234, 235, 237, 238, 242, 251, 253, 256, 259, 260, 261, 262, 264, 266, 267, 276, 278, 281, 284, 286, 287, 289, 291, 292, 301, 303, 306, 307, 309, 310, 312, 313, 315, 316, 318, 319, 320, 321, 323, 326, 329, 330, 331, 332, 333, 334, 335, 336, 337, 340, 347, 349, 350, 352, 353, 354, 355, 357, 359, 360, 361, 362, 364, 366, 367, 368, 369, 370, 371, 372, 374, 377, 378, 381, 384, 387, 390, 393, 398, 399, 400, 402, 404, 406, 414, 418, 419, 420, 421, 422, 423, 425, 427, 431, 432, 433, 434, 437, 438, 439, 441, 442, 445, 446, 447, 448, 449, 450, 452, 454, 456, 460, 463, 465, 467, 468, 469, 471, 473, 501, 504, 508, 509, 511, 514, 516, 517, 520, 523, 524, 527, 529, 530], "excluded_lines": [], "functions": {"PerformanceProfiler.__init__": {"executed_lines": [], "summary": {"covered_lines": 0, "num_statements": 3, "percent_covered": 0.0, "percent_covered_display": "0", "missing_lines": 3, "excluded_lines": 0}, "missing_lines": [81, 82, 83], "excluded_lines": []}, "PerformanceProfiler.capture_snapshot": {"executed_lines": [], "summary": {"covered_lines": 0, "num_statements": 13, "percent_covered": 0.0, "percent_covered_display": "0", "missing_lines": 13, "excluded_lines": 0}, "missing_lines": [87, 90, 91, 94, 95, 98, 99, 100, 102, 117, 120, 121, 123], "excluded_lines": []}, "PerformanceProfiler.get_performance_trends": {"executed_lines": [], "summary": {"covered_lines": 0, "num_statements": 9, "percent_covered": 0.0, "percent_covered_display": "0", "missing_lines": 9, "excluded_lines": 0}, "missing_lines": [127, 128, 131, 132, 133, 134, 135, 137, 142], "excluded_lines": []}, "PerformanceProfiler.get_performance_trends.calculate_trend": {"executed_lines": [], "summary": {"covered_lines": 0, "num_statements": 3, "percent_covered": 0.0, "percent_covered_display": "0", "missing_lines": 3, "excluded_lines": 0}, "missing_lines": [138, 139, 140], "excluded_lines": []}, "MLPerformanceOptimizer.__init__": {"executed_lines": [], "summary": {"covered_lines": 0, "num_statements": 3, "percent_covered": 0.0, "percent_covered_display": "0", "missing_lines": 3, "excluded_lines": 0}, "missing_lines": [165, 166, 167], "excluded_lines": []}, "MLPerformanceOptimizer.learn_from_configuration": {"executed_lines": [], "summary": {"covered_lines": 0, "num_statements": 4, "percent_covered": 0.0, "percent_covered_display": "0", "missing_lines": 4, "excluded_lines": 0}, "missing_lines": [172, 175, 176, 178], "excluded_lines": []}, "MLPerformanceOptimizer.generate_optimization_recommendations": {"executed_lines": [], "summary": {"covered_lines": 0, "num_statements": 14, "percent_covered": 0.0, "percent_covered_display": "0", "missing_lines": 14, "excluded_lines": 0}, "missing_lines": [183, 184, 186, 189, 190, 191, 194, 195, 196, 199, 200, 201, 204, 206], "excluded_lines": []}, "MLPerformanceOptimizer._analyze_worker_count": {"executed_lines": [], "summary": {"covered_lines": 0, "num_statements": 21, "percent_covered": 0.0, "percent_covered_display": "0", "missing_lines": 21, "excluded_lines": 0}, "missing_lines": [211, 214, 215, 216, 217, 218, 219, 221, 222, 225, 226, 230, 231, 232, 233, 234, 235, 237, 238, 242, 251], "excluded_lines": []}, "MLPerformanceOptimizer._analyze_batch_size": {"executed_lines": [], "summary": {"covered_lines": 0, "num_statements": 9, "percent_covered": 0.0, "percent_covered_display": "0", "missing_lines": 9, "excluded_lines": 0}, "missing_lines": [256, 259, 260, 261, 262, 264, 266, 267, 276], "excluded_lines": []}, "MLPerformanceOptimizer._analyze_cache_config": {"executed_lines": [], "summary": {"covered_lines": 0, "num_statements": 8, "percent_covered": 0.0, "percent_covered_display": "0", "missing_lines": 8, "excluded_lines": 0}, "missing_lines": [281, 284, 286, 287, 289, 291, 292, 301], "excluded_lines": []}, "MLPerformanceOptimizer._calculate_performance_score": {"executed_lines": [], "summary": {"covered_lines": 0, "num_statements": 13, "percent_covered": 0.0, "percent_covered_display": "0", "missing_lines": 13, "excluded_lines": 0}, "missing_lines": [306, 307, 309, 310, 312, 313, 315, 316, 318, 319, 320, 321, 323], "excluded_lines": []}, "AdaptivePerformanceEngine.__init__": {"executed_lines": [], "summary": {"covered_lines": 0, "num_statements": 9, "percent_covered": 0.0, "percent_covered_display": "0", "missing_lines": 9, "excluded_lines": 0}, "missing_lines": [330, 331, 332, 333, 334, 335, 336, 337, 340], "excluded_lines": []}, "AdaptivePerformanceEngine.start_optimization": {"executed_lines": [], "summary": {"covered_lines": 0, "num_statements": 6, "percent_covered": 0.0, "percent_covered_display": "0", "missing_lines": 6, "excluded_lines": 0}, "missing_lines": [349, 350, 352, 353, 354, 355], "excluded_lines": []}, "AdaptivePerformanceEngine.stop_optimization": {"executed_lines": [], "summary": {"covered_lines": 0, "num_statements": 4, "percent_covered": 0.0, "percent_covered_display": "0", "missing_lines": 4, "excluded_lines": 0}, "missing_lines": [359, 360, 361, 362], "excluded_lines": []}, "AdaptivePerformanceEngine._optimization_loop": {"executed_lines": [], "summary": {"covered_lines": 0, "num_statements": 7, "percent_covered": 0.0, "percent_covered_display": "0", "missing_lines": 7, "excluded_lines": 0}, "missing_lines": [366, 367, 368, 369, 370, 371, 372], "excluded_lines": []}, "AdaptivePerformanceEngine._run_optimization_cycle": {"executed_lines": [], "summary": {"covered_lines": 0, "num_statements": 11, "percent_covered": 0.0, "percent_covered_display": "0", "missing_lines": 11, "excluded_lines": 0}, "missing_lines": [377, 378, 381, 384, 387, 390, 393, 398, 399, 400, 402], "excluded_lines": []}, "AdaptivePerformanceEngine._get_current_system_config": {"executed_lines": [], "summary": {"covered_lines": 0, "num_statements": 1, "percent_covered": 0.0, "percent_covered_display": "0", "missing_lines": 1, "excluded_lines": 0}, "missing_lines": [406], "excluded_lines": []}, "AdaptivePerformanceEngine._enrich_snapshot_with_metrics": {"executed_lines": [], "summary": {"covered_lines": 0, "num_statements": 7, "percent_covered": 0.0, "percent_covered_display": "0", "missing_lines": 7, "excluded_lines": 0}, "missing_lines": [418, 419, 420, 421, 422, 423, 425], "excluded_lines": []}, "AdaptivePerformanceEngine._determine_optimization_strategy": {"executed_lines": [], "summary": {"covered_lines": 0, "num_statements": 16, "percent_covered": 0.0, "percent_covered_display": "0", "missing_lines": 16, "excluded_lines": 0}, "missing_lines": [431, 432, 433, 434, 437, 438, 439, 441, 442, 445, 446, 447, 448, 449, 450, 452], "excluded_lines": []}, "AdaptivePerformanceEngine._apply_optimization": {"executed_lines": [], "summary": {"covered_lines": 0, "num_statements": 3, "percent_covered": 0.0, "percent_covered_display": "0", "missing_lines": 3, "excluded_lines": 0}, "missing_lines": [456, 460, 463], "excluded_lines": []}, "AdaptivePerformanceEngine.get_optimization_status": {"executed_lines": [], "summary": {"covered_lines": 0, "num_statements": 5, "percent_covered": 0.0, "percent_covered_display": "0", "missing_lines": 5, "excluded_lines": 0}, "missing_lines": [467, 468, 469, 471, 473], "excluded_lines": []}, "get_adaptive_performance_engine": {"executed_lines": [], "summary": {"covered_lines": 0, "num_statements": 3, "percent_covered": 0.0, "percent_covered_display": "0", "missing_lines": 3, "excluded_lines": 0}, "missing_lines": [508, 509, 511], "excluded_lines": []}, "start_adaptive_optimization": {"executed_lines": [], "summary": {"covered_lines": 0, "num_statements": 2, "percent_covered": 0.0, "percent_covered_display": "0", "missing_lines": 2, "excluded_lines": 0}, "missing_lines": [516, 517], "excluded_lines": []}, "stop_adaptive_optimization": {"executed_lines": [], "summary": {"covered_lines": 0, "num_statements": 2, "percent_covered": 0.0, "percent_covered_display": "0", "missing_lines": 2, "excluded_lines": 0}, "missing_lines": [523, 524], "excluded_lines": []}, "get_adaptive_optimization_status": {"executed_lines": [], "summary": {"covered_lines": 0, "num_statements": 2, "percent_covered": 0.0, "percent_covered_display": "0", "missing_lines": 2, "excluded_lines": 0}, "missing_lines": [529, 530], "excluded_lines": []}, "": {"executed_lines": [], "summary": {"covered_lines": 0, "num_statements": 82, "percent_covered": 0.0, "percent_covered_display": "0", "missing_lines": 82, "excluded_lines": 0}, "missing_lines": [7, 9, 10, 11, 12, 13, 14, 15, 16, 17, 18, 19, 20, 21, 22, 24, 25, 26, 29, 31, 32, 33, 34, 35, 38, 40, 41, 42, 43, 44, 45, 46, 49, 50, 52, 53, 54, 55, 56, 57, 58, 59, 60, 61, 62, 63, 66, 67, 69, 70, 71, 72, 73, 74, 77, 80, 85, 125, 161, 164, 169, 180, 208, 253, 278, 303, 326, 329, 347, 357, 364, 374, 404, 414, 427, 454, 465, 501, 504, 514, 520, 527], "excluded_lines": []}}, "classes": {"OptimizationStrategy": {"executed_lines": [], "summary": {"covered_lines": 0, "num_statements": 0, "percent_covered": 100.0, "percent_covered_display": "100", "missing_lines": 0, "excluded_lines": 0}, "missing_lines": [], "excluded_lines": []}, "PerformanceMetricType": {"executed_lines": [], "summary": {"covered_lines": 0, "num_statements": 0, "percent_covered": 100.0, "percent_covered_display": "100", "missing_lines": 0, "excluded_lines": 0}, "missing_lines": [], "excluded_lines": []}, "PerformanceSnapshot": {"executed_lines": [], "summary": {"covered_lines": 0, "num_statements": 0, "percent_covered": 100.0, "percent_covered_display": "100", "missing_lines": 0, "excluded_lines": 0}, "missing_lines": [], "excluded_lines": []}, "OptimizationRecommendation": {"executed_lines": [], "summary": {"covered_lines": 0, "num_statements": 0, "percent_covered": 100.0, "percent_covered_display": "100", "missing_lines": 0, "excluded_lines": 0}, "missing_lines": [], "excluded_lines": []}, "PerformanceProfiler": {"executed_lines": [], "summary": {"covered_lines": 0, "num_statements": 28, "percent_covered": 0.0, "percent_covered_display": "0", "missing_lines": 28, "excluded_lines": 0}, "missing_lines": [81, 82, 83, 87, 90, 91, 94, 95, 98, 99, 100, 102, 117, 120, 121, 123, 127, 128, 131, 132, 133, 134, 135, 137, 138, 139, 140, 142], "excluded_lines": []}, "MLPerformanceOptimizer": {"executed_lines": [], "summary": {"covered_lines": 0, "num_statements": 72, "percent_covered": 0.0, "percent_covered_display": "0", "missing_lines": 72, "excluded_lines": 0}, "missing_lines": [165, 166, 167, 172, 175, 176, 178, 183, 184, 186, 189, 190, 191, 194, 195, 196, 199, 200, 201, 204, 206, 211, 214, 215, 216, 217, 218, 219, 221, 222, 225, 226, 230, 231, 232, 233, 234, 235, 237, 238, 242, 251, 256, 259, 260, 261, 262, 264, 266, 267, 276, 281, 284, 286, 287, 289, 291, 292, 301, 306, 307, 309, 310, 312, 313, 315, 316, 318, 319, 320, 321, 323], "excluded_lines": []}, "AdaptivePerformanceEngine": {"executed_lines": [], "summary": {"covered_lines": 0, "num_statements": 69, "percent_covered": 0.0, "percent_covered_display": "0", "missing_lines": 69, "excluded_lines": 0}, "missing_lines": [330, 331, 332, 333, 334, 335, 336, 337, 340, 349, 350, 352, 353, 354, 355, 359, 360, 361, 362, 366, 367, 368, 369, 370, 371, 372, 377, 378, 381, 384, 387, 390, 393, 398, 399, 400, 402, 406, 418, 419, 420, 421, 422, 423, 425, 431, 432, 433, 434, 437, 438, 439, 441, 442, 445, 446, 447, 448, 449, 450, 452, 456, 460, 463, 467, 468, 469, 471, 473], "excluded_lines": []}, "": {"executed_lines": [], "summary": {"covered_lines": 0, "num_statements": 91, "percent_covered": 0.0, "percent_covered_display": "0", "missing_lines": 91, "excluded_lines": 0}, "missing_lines": [7, 9, 10, 11, 12, 13, 14, 15, 16, 17, 18, 19, 20, 21, 22, 24, 25, 26, 29, 31, 32, 33, 34, 35, 38, 40, 41, 42, 43, 44, 45, 46, 49, 50, 52, 53, 54, 55, 56, 57, 58, 59, 60, 61, 62, 63, 66, 67, 69, 70, 71, 72, 73, 74, 77, 80, 85, 125, 161, 164, 169, 180, 208, 253, 278, 303, 326, 329, 347, 357, 364, 374, 404, 414, 427, 454, 465, 501, 504, 508, 509, 511, 514, 516, 517, 520, 523, 524, 527, 529, 530], "excluded_lines": []}}}, "src/crewai_email_triage/advanced_error_recovery.py": {"executed_lines": [], "summary": {"covered_lines": 0, "num_statements": 230, "percent_covered": 0.0, "percent_covered_display": "0", "missing_lines": 230, "excluded_lines": 0}, "missing_lines": [7, 9, 10, 11, 12, 13, 14, 15, 16, 17, 18, 19, 20, 21, 23, 24, 25, 28, 30, 31, 32, 33, 34, 35, 36, 39, 41, 42, 43, 44, 45, 46, 47, 50, 51, 53, 54, 55, 56, 57, 58, 59, 60, 61, 62, 65, 66, 68, 69, 70, 71, 72, 73, 76, 79, 80, 81, 82, 84, 86, 87, 90, 92, 102, 103, 105, 107, 109, 110, 113, 115, 118, 120, 123, 125, 128, 130, 133, 135, 138, 140, 143, 145, 148, 151, 152, 153, 154, 155, 156, 157, 158, 159, 161, 162, 164, 166, 169, 178, 181, 182, 183, 184, 185, 187, 190, 193, 194, 195, 196, 197, 198, 199, 202, 213, 215, 217, 218, 220, 223, 224, 226, 229, 230, 231, 232, 233, 236, 239, 242, 245, 247, 249, 251, 253, 254, 255, 256, 257, 258, 260, 261, 262, 263, 264, 266, 268, 269, 270, 272, 273, 275, 278, 279, 281, 283, 284, 286, 287, 288, 289, 290, 291, 292, 293, 295, 296, 298, 300, 303, 304, 305, 306, 307, 308, 309, 310, 311, 313, 316, 319, 320, 323, 325, 327, 328, 331, 333, 335, 337, 338, 341, 343, 345, 348, 357, 360, 362, 364, 365, 366, 368, 369, 370, 371, 372, 373, 375, 381, 383, 385, 388, 389, 390, 392, 394, 407, 410, 414, 415, 417, 420, 423, 424, 427, 429, 430, 433, 435, 436], "excluded_lines": [], "functions": {"ErrorPatternAnalyzer.__init__": {"executed_lines": [], "summary": {"covered_lines": 0, "num_statements": 3, "percent_covered": 0.0, "percent_covered_display": "0", "missing_lines": 3, "excluded_lines": 0}, "missing_lines": [80, 81, 82], "excluded_lines": []}, "ErrorPatternAnalyzer.analyze_failure": {"executed_lines": [], "summary": {"covered_lines": 0, "num_statements": 7, "percent_covered": 0.0, "percent_covered_display": "0", "missing_lines": 7, "excluded_lines": 0}, "missing_lines": [86, 87, 90, 92, 102, 103, 105], "excluded_lines": []}, "ErrorPatternAnalyzer._classify_failure": {"executed_lines": [], "summary": {"covered_lines": 0, "num_statements": 15, "percent_covered": 0.0, "percent_covered_display": "0", "missing_lines": 15, "excluded_lines": 0}, "missing_lines": [109, 110, 113, 115, 118, 120, 123, 125, 128, 130, 133, 135, 138, 140, 143], "excluded_lines": []}, "ErrorPatternAnalyzer._update_pattern_frequency": {"executed_lines": [], "summary": {"covered_lines": 0, "num_statements": 12, "percent_covered": 0.0, "percent_covered_display": "0", "missing_lines": 12, "excluded_lines": 0}, "missing_lines": [148, 151, 152, 153, 154, 155, 156, 157, 158, 159, 161, 162], "excluded_lines": []}, "ErrorPatternAnalyzer.get_recovery_recommendations": {"executed_lines": [], "summary": {"covered_lines": 0, "num_statements": 9, "percent_covered": 0.0, "percent_covered_display": "0", "missing_lines": 9, "excluded_lines": 0}, "missing_lines": [166, 169, 178, 181, 182, 183, 184, 185, 187], "excluded_lines": []}, "SelfHealingOrchestrator.__init__": {"executed_lines": [], "summary": {"covered_lines": 0, "num_statements": 8, "percent_covered": 0.0, "percent_covered_display": "0", "missing_lines": 8, "excluded_lines": 0}, "missing_lines": [194, 195, 196, 197, 198, 199, 202, 213], "excluded_lines": []}, "SelfHealingOrchestrator.register_component_restarter": {"executed_lines": [], "summary": {"covered_lines": 0, "num_statements": 2, "percent_covered": 0.0, "percent_covered_display": "0", "missing_lines": 2, "excluded_lines": 0}, "missing_lines": [217, 218], "excluded_lines": []}, "SelfHealingOrchestrator.handle_failure": {"executed_lines": [], "summary": {"covered_lines": 0, "num_statements": 13, "percent_covered": 0.0, "percent_covered_display": "0", "missing_lines": 13, "excluded_lines": 0}, "missing_lines": [223, 224, 226, 229, 230, 231, 232, 233, 236, 239, 242, 245, 247], "excluded_lines": []}, "SelfHealingOrchestrator._execute_recovery_actions": {"executed_lines": [], "summary": {"covered_lines": 0, "num_statements": 18, "percent_covered": 0.0, "percent_covered_display": "0", "missing_lines": 18, "excluded_lines": 0}, "missing_lines": [251, 253, 254, 255, 256, 257, 258, 260, 261, 262, 263, 264, 266, 268, 269, 270, 272, 273], "excluded_lines": []}, "SelfHealingOrchestrator._handle_retry": {"executed_lines": [], "summary": {"covered_lines": 0, "num_statements": 2, "percent_covered": 0.0, "percent_covered_display": "0", "missing_lines": 2, "excluded_lines": 0}, "missing_lines": [278, 279], "excluded_lines": []}, "SelfHealingOrchestrator._handle_restart_component": {"executed_lines": [], "summary": {"covered_lines": 0, "num_statements": 12, "percent_covered": 0.0, "percent_covered_display": "0", "missing_lines": 12, "excluded_lines": 0}, "missing_lines": [283, 284, 286, 287, 288, 289, 290, 291, 292, 293, 295, 296], "excluded_lines": []}, "SelfHealingOrchestrator._handle_reset_state": {"executed_lines": [], "summary": {"covered_lines": 0, "num_statements": 10, "percent_covered": 0.0, "percent_covered_display": "0", "missing_lines": 10, "excluded_lines": 0}, "missing_lines": [300, 303, 304, 305, 306, 307, 308, 309, 310, 311], "excluded_lines": []}, "SelfHealingOrchestrator._handle_scale_resources": {"executed_lines": [], "summary": {"covered_lines": 0, "num_statements": 4, "percent_covered": 0.0, "percent_covered_display": "0", "missing_lines": 4, "excluded_lines": 0}, "missing_lines": [316, 319, 320, 323], "excluded_lines": []}, "SelfHealingOrchestrator._handle_fallback_mode": {"executed_lines": [], "summary": {"covered_lines": 0, "num_statements": 4, "percent_covered": 0.0, "percent_covered_display": "0", "missing_lines": 4, "excluded_lines": 0}, "missing_lines": [327, 328, 331, 333], "excluded_lines": []}, "SelfHealingOrchestrator._handle_quarantine": {"executed_lines": [], "summary": {"covered_lines": 0, "num_statements": 4, "percent_covered": 0.0, "percent_covered_display": "0", "missing_lines": 4, "excluded_lines": 0}, "missing_lines": [337, 338, 341, 343], "excluded_lines": []}, "SelfHealingOrchestrator._handle_notify_admin": {"executed_lines": [], "summary": {"covered_lines": 0, "num_statements": 3, "percent_covered": 0.0, "percent_covered_display": "0", "missing_lines": 3, "excluded_lines": 0}, "missing_lines": [348, 357, 360], "excluded_lines": []}, "SelfHealingOrchestrator.get_recovery_status": {"executed_lines": [], "summary": {"covered_lines": 0, "num_statements": 11, "percent_covered": 0.0, "percent_covered_display": "0", "missing_lines": 11, "excluded_lines": 0}, "missing_lines": [364, 365, 366, 368, 369, 370, 371, 372, 373, 375, 381], "excluded_lines": []}, "SelfHealingOrchestrator.get_system_health_report": {"executed_lines": [], "summary": {"covered_lines": 0, "num_statements": 6, "percent_covered": 0.0, "percent_covered_display": "0", "missing_lines": 6, "excluded_lines": 0}, "missing_lines": [385, 388, 389, 390, 392, 394], "excluded_lines": []}, "get_self_healing_orchestrator": {"executed_lines": [], "summary": {"covered_lines": 0, "num_statements": 3, "percent_covered": 0.0, "percent_covered_display": "0", "missing_lines": 3, "excluded_lines": 0}, "missing_lines": [414, 415, 417], "excluded_lines": []}, "handle_failure_with_recovery": {"executed_lines": [], "summary": {"covered_lines": 0, "num_statements": 2, "percent_covered": 0.0, "percent_covered_display": "0", "missing_lines": 2, "excluded_lines": 0}, "missing_lines": [423, 424], "excluded_lines": []}, "register_component_restart_handler": {"executed_lines": [], "summary": {"covered_lines": 0, "num_statements": 2, "percent_covered": 0.0, "percent_covered_display": "0", "missing_lines": 2, "excluded_lines": 0}, "missing_lines": [429, 430], "excluded_lines": []}, "get_system_health_report": {"executed_lines": [], "summary": {"covered_lines": 0, "num_statements": 2, "percent_covered": 0.0, "percent_covered_display": "0", "missing_lines": 2, "excluded_lines": 0}, "missing_lines": [435, 436], "excluded_lines": []}, "": {"executed_lines": [], "summary": {"covered_lines": 0, "num_statements": 78, "percent_covered": 0.0, "percent_covered_display": "0", "missing_lines": 78, "excluded_lines": 0}, "missing_lines": [7, 9, 10, 11, 12, 13, 14, 15, 16, 17, 18, 19, 20, 21, 23, 24, 25, 28, 30, 31, 32, 33, 34, 35, 36, 39, 41, 42, 43, 44, 45, 46, 47, 50, 51, 53, 54, 55, 56, 57, 58, 59, 60, 61, 62, 65, 66, 68, 69, 70, 71, 72, 73, 76, 79, 84, 107, 145, 164, 190, 193, 215, 220, 249, 275, 281, 298, 313, 325, 335, 345, 362, 383, 407, 410, 420, 427, 433], "excluded_lines": []}}, "classes": {"FailureType": {"executed_lines": [], "summary": {"covered_lines": 0, "num_statements": 0, "percent_covered": 100.0, "percent_covered_display": "100", "missing_lines": 0, "excluded_lines": 0}, "missing_lines": [], "excluded_lines": []}, "RecoveryAction": {"executed_lines": [], "summary": {"covered_lines": 0, "num_statements": 0, "percent_covered": 100.0, "percent_covered_display": "100", "missing_lines": 0, "excluded_lines": 0}, "missing_lines": [], "excluded_lines": []}, "FailureEvent": {"executed_lines": [], "summary": {"covered_lines": 0, "num_statements": 0, "percent_covered": 100.0, "percent_covered_display": "100", "missing_lines": 0, "excluded_lines": 0}, "missing_lines": [], "excluded_lines": []}, "RecoveryRule": {"executed_lines": [], "summary": {"covered_lines": 0, "num_statements": 0, "percent_covered": 100.0, "percent_covered_display": "100", "missing_lines": 0, "excluded_lines": 0}, "missing_lines": [], "excluded_lines": []}, "ErrorPatternAnalyzer": {"executed_lines": [], "summary": {"covered_lines": 0, "num_statements": 46, "percent_covered": 0.0, "percent_covered_display": "0", "missing_lines": 46, "excluded_lines": 0}, "missing_lines": [80, 81, 82, 86, 87, 90, 92, 102, 103, 105, 109, 110, 113, 115, 118, 120, 123, 125, 128, 130, 133, 135, 138, 140, 143, 148, 151, 152, 153, 154, 155, 156, 157, 158, 159, 161, 162, 166, 169, 178, 181, 182, 183, 184, 185, 187], "excluded_lines": []}, "SelfHealingOrchestrator": {"executed_lines": [], "summary": {"covered_lines": 0, "num_statements": 97, "percent_covered": 0.0, "percent_covered_display": "0", "missing_lines": 97, "excluded_lines": 0}, "missing_lines": [194, 195, 196, 197, 198, 199, 202, 213, 217, 218, 223, 224, 226, 229, 230, 231, 232, 233, 236, 239, 242, 245, 247, 251, 253, 254, 255, 256, 257, 258, 260, 261, 262, 263, 264, 266, 268, 269, 270, 272, 273, 278, 279, 283, 284, 286, 287, 288, 289, 290, 291, 292, 293, 295, 296, 300, 303, 304, 305, 306, 307, 308, 309, 310, 311, 316, 319, 320, 323, 327, 328, 331, 333, 337, 338, 341, 343, 348, 357, 360, 364, 365, 366, 368, 369, 370, 371, 372, 373, 375, 381, 385, 388, 389, 390, 392, 394], "excluded_lines": []}, "": {"executed_lines": [], "summary": {"covered_lines": 0, "num_statements": 87, "percent_covered": 0.0, "percent_covered_display": "0", "missing_lines": 87, "excluded_lines": 0}, "missing_lines": [7, 9, 10, 11, 12, 13, 14, 15, 16, 17, 18, 19, 20, 21, 23, 24, 25, 28, 30, 31, 32, 33, 34, 35, 36, 39, 41, 42, 43, 44, 45, 46, 47, 50, 51, 53, 54, 55, 56, 57, 58, 59, 60, 61, 62, 65, 66, 68, 69, 70, 71, 72, 73, 76, 79, 84, 107, 145, 164, 190, 193, 215, 220, 249, 275, 281, 298, 313, 325, 335, 345, 362, 383, 407, 410, 414, 415, 417, 420, 423, 424, 427, 429, 430, 433, 435, 436], "excluded_lines": []}}}, "src/crewai_email_triage/advanced_monitoring.py": {"executed_lines": [], "summary": {"covered_lines": 0, "num_statements": 379, "percent_covered": 0.0, "percent_covered_display": "0", "missing_lines": 379, "excluded_lines": 0}, "missing_lines": [11, 13, 14, 15, 16, 17, 18, 19, 20, 21, 23, 26, 29, 30, 31, 32, 33, 36, 39, 40, 41, 42, 43, 44, 47, 48, 51, 52, 53, 54, 55, 56, 59, 60, 63, 64, 65, 66, 67, 68, 69, 70, 71, 72, 73, 76, 77, 80, 81, 82, 83, 84, 85, 86, 87, 88, 91, 92, 96, 97, 98, 101, 102, 103, 104, 107, 108, 109, 112, 113, 114, 117, 118, 119, 122, 125, 127, 130, 131, 134, 135, 136, 139, 140, 143, 144, 147, 148, 151, 152, 155, 156, 158, 160, 162, 163, 164, 166, 167, 168, 170, 172, 173, 174, 175, 176, 177, 178, 180, 181, 182, 183, 184, 185, 186, 188, 190, 194, 203, 206, 209, 211, 215, 216, 219, 220, 224, 225, 228, 229, 233, 234, 235, 237, 238, 242, 243, 246, 247, 249, 252, 253, 256, 264, 266, 267, 281, 284, 286, 289, 292, 293, 294, 295, 296, 297, 298, 299, 301, 303, 306, 307, 308, 310, 311, 313, 314, 317, 320, 324, 325, 328, 329, 330, 341, 344, 345, 348, 349, 360, 363, 364, 366, 367, 369, 370, 371, 372, 382, 384, 386, 389, 391, 393, 396, 397, 398, 399, 401, 403, 405, 408, 409, 410, 411, 413, 418, 421, 422, 424, 425, 426, 427, 428, 429, 430, 431, 432, 434, 437, 446, 447, 449, 453, 461, 462, 463, 466, 467, 468, 469, 470, 472, 475, 476, 484, 485, 486, 487, 488, 489, 491, 494, 495, 497, 500, 503, 505, 507, 508, 509, 510, 511, 513, 516, 517, 518, 519, 522, 523, 524, 527, 528, 531, 532, 537, 539, 540, 541, 542, 543, 545, 548, 549, 550, 553, 554, 555, 557, 558, 559, 560, 563, 564, 566, 567, 569, 570, 572, 574, 575, 576, 577, 579, 580, 582, 585, 594, 595, 597, 601, 602, 603, 604, 605, 608, 609, 610, 611, 612, 613, 615, 618, 619, 621, 622, 624, 625, 626, 627, 628, 629, 630, 631, 632, 633, 635, 637, 638, 640, 642, 645, 648, 649, 650, 658, 659, 660, 661, 664, 670, 671, 672, 673, 674, 675, 681, 702, 706, 708, 709, 710, 711, 713, 714, 715, 716, 719, 720, 721, 722, 725, 733, 734, 735, 736, 737, 738, 740, 742, 758, 760, 761, 762, 766, 769, 772, 773, 774], "excluded_lines": [], "functions": {"AdvancedMonitor.__init__": {"executed_lines": [], "summary": {"covered_lines": 0, "num_statements": 17, "percent_covered": 0.0, "percent_covered_display": "0", "missing_lines": 17, "excluded_lines": 0}, "missing_lines": [127, 130, 131, 134, 135, 136, 139, 140, 143, 144, 147, 148, 151, 152, 155, 156, 158], "excluded_lines": []}, "AdvancedMonitor.start_monitoring": {"executed_lines": [], "summary": {"covered_lines": 0, "num_statements": 6, "percent_covered": 0.0, "percent_covered_display": "0", "missing_lines": 6, "excluded_lines": 0}, "missing_lines": [162, 163, 164, 166, 167, 168], "excluded_lines": []}, "AdvancedMonitor.stop_monitoring": {"executed_lines": [], "summary": {"covered_lines": 0, "num_statements": 15, "percent_covered": 0.0, "percent_covered_display": "0", "missing_lines": 15, "excluded_lines": 0}, "missing_lines": [172, 173, 174, 175, 176, 177, 178, 180, 181, 182, 183, 184, 185, 186, 188], "excluded_lines": []}, "AdvancedMonitor.record_metric": {"executed_lines": [], "summary": {"covered_lines": 0, "num_statements": 4, "percent_covered": 0.0, "percent_covered_display": "0", "missing_lines": 4, "excluded_lines": 0}, "missing_lines": [194, 203, 206, 209], "excluded_lines": []}, "AdvancedMonitor.record_processing_result": {"executed_lines": [], "summary": {"covered_lines": 0, "num_statements": 17, "percent_covered": 0.0, "percent_covered_display": "0", "missing_lines": 17, "excluded_lines": 0}, "missing_lines": [215, 216, 219, 220, 224, 225, 228, 229, 233, 234, 235, 237, 238, 242, 243, 246, 247], "excluded_lines": []}, "AdvancedMonitor._detect_breakthrough": {"executed_lines": [], "summary": {"covered_lines": 0, "num_statements": 9, "percent_covered": 0.0, "percent_covered_display": "0", "missing_lines": 9, "excluded_lines": 0}, "missing_lines": [252, 253, 256, 264, 266, 267, 281, 284, 286], "excluded_lines": []}, "AdvancedMonitor._classify_breakthrough_type": {"executed_lines": [], "summary": {"covered_lines": 0, "num_statements": 9, "percent_covered": 0.0, "percent_covered_display": "0", "missing_lines": 9, "excluded_lines": 0}, "missing_lines": [292, 293, 294, 295, 296, 297, 298, 299, 301], "excluded_lines": []}, "AdvancedMonitor._generate_breakthrough_description": {"executed_lines": [], "summary": {"covered_lines": 0, "num_statements": 8, "percent_covered": 0.0, "percent_covered_display": "0", "missing_lines": 8, "excluded_lines": 0}, "missing_lines": [306, 307, 308, 310, 311, 313, 314, 317], "excluded_lines": []}, "AdvancedMonitor._setup_default_alert_rules": {"executed_lines": [], "summary": {"covered_lines": 0, "num_statements": 4, "percent_covered": 0.0, "percent_covered_display": "0", "missing_lines": 4, "excluded_lines": 0}, "missing_lines": [324, 344, 363, 384], "excluded_lines": []}, "AdvancedMonitor._setup_default_alert_rules.performance_alert": {"executed_lines": [], "summary": {"covered_lines": 0, "num_statements": 5, "percent_covered": 0.0, "percent_covered_display": "0", "missing_lines": 5, "excluded_lines": 0}, "missing_lines": [325, 328, 329, 330, 341], "excluded_lines": []}, "AdvancedMonitor._setup_default_alert_rules.quality_alert": {"executed_lines": [], "summary": {"covered_lines": 0, "num_statements": 4, "percent_covered": 0.0, "percent_covered_display": "0", "missing_lines": 4, "excluded_lines": 0}, "missing_lines": [345, 348, 349, 360], "excluded_lines": []}, "AdvancedMonitor._setup_default_alert_rules.error_rate_alert": {"executed_lines": [], "summary": {"covered_lines": 0, "num_statements": 8, "percent_covered": 0.0, "percent_covered_display": "0", "missing_lines": 8, "excluded_lines": 0}, "missing_lines": [364, 366, 367, 369, 370, 371, 372, 382], "excluded_lines": []}, "AdvancedMonitor._setup_breakthrough_detection": {"executed_lines": [], "summary": {"covered_lines": 0, "num_statements": 3, "percent_covered": 0.0, "percent_covered_display": "0", "missing_lines": 3, "excluded_lines": 0}, "missing_lines": [389, 401, 413], "excluded_lines": []}, "AdvancedMonitor._setup_breakthrough_detection.validate_quantum_breakthrough": {"executed_lines": [], "summary": {"covered_lines": 0, "num_statements": 6, "percent_covered": 0.0, "percent_covered_display": "0", "missing_lines": 6, "excluded_lines": 0}, "missing_lines": [391, 393, 396, 397, 398, 399], "excluded_lines": []}, "AdvancedMonitor._setup_breakthrough_detection.validate_consciousness_breakthrough": {"executed_lines": [], "summary": {"covered_lines": 0, "num_statements": 6, "percent_covered": 0.0, "percent_covered_display": "0", "missing_lines": 6, "excluded_lines": 0}, "missing_lines": [403, 405, 408, 409, 410, 411], "excluded_lines": []}, "AdvancedMonitor._check_alert_rules": {"executed_lines": [], "summary": {"covered_lines": 0, "num_statements": 11, "percent_covered": 0.0, "percent_covered_display": "0", "missing_lines": 11, "excluded_lines": 0}, "missing_lines": [421, 422, 424, 425, 426, 427, 428, 429, 430, 431, 432], "excluded_lines": []}, "AdvancedMonitor._generate_breakthrough_alert": {"executed_lines": [], "summary": {"covered_lines": 0, "num_statements": 3, "percent_covered": 0.0, "percent_covered_display": "0", "missing_lines": 3, "excluded_lines": 0}, "missing_lines": [437, 446, 447], "excluded_lines": []}, "AdvancedMonitor._send_alert_notification": {"executed_lines": [], "summary": {"covered_lines": 0, "num_statements": 9, "percent_covered": 0.0, "percent_covered_display": "0", "missing_lines": 9, "excluded_lines": 0}, "missing_lines": [453, 461, 462, 463, 466, 467, 468, 469, 470], "excluded_lines": []}, "AdvancedMonitor._update_aggregations": {"executed_lines": [], "summary": {"covered_lines": 0, "num_statements": 8, "percent_covered": 0.0, "percent_covered_display": "0", "missing_lines": 8, "excluded_lines": 0}, "missing_lines": [475, 476, 484, 485, 486, 487, 488, 489], "excluded_lines": []}, "AdvancedMonitor._monitoring_loop": {"executed_lines": [], "summary": {"covered_lines": 0, "num_statements": 11, "percent_covered": 0.0, "percent_covered_display": "0", "missing_lines": 11, "excluded_lines": 0}, "missing_lines": [494, 495, 497, 500, 503, 505, 507, 508, 509, 510, 511], "excluded_lines": []}, "AdvancedMonitor._cleanup_loop": {"executed_lines": [], "summary": {"covered_lines": 0, "num_statements": 17, "percent_covered": 0.0, "percent_covered_display": "0", "missing_lines": 17, "excluded_lines": 0}, "missing_lines": [516, 517, 518, 519, 522, 523, 524, 527, 528, 531, 532, 537, 539, 540, 541, 542, 543], "excluded_lines": []}, "AdvancedMonitor._collect_system_metrics": {"executed_lines": [], "summary": {"covered_lines": 0, "num_statements": 23, "percent_covered": 0.0, "percent_covered_display": "0", "missing_lines": 23, "excluded_lines": 0}, "missing_lines": [548, 549, 550, 553, 554, 555, 557, 558, 559, 560, 563, 564, 566, 567, 569, 570, 572, 574, 575, 576, 577, 579, 580], "excluded_lines": []}, "AdvancedMonitor._generate_system_alert": {"executed_lines": [], "summary": {"covered_lines": 0, "num_statements": 3, "percent_covered": 0.0, "percent_covered_display": "0", "missing_lines": 3, "excluded_lines": 0}, "missing_lines": [585, 594, 595], "excluded_lines": []}, "AdvancedMonitor._update_baselines": {"executed_lines": [], "summary": {"covered_lines": 0, "num_statements": 11, "percent_covered": 0.0, "percent_covered_display": "0", "missing_lines": 11, "excluded_lines": 0}, "missing_lines": [601, 602, 603, 604, 605, 608, 609, 610, 611, 612, 613], "excluded_lines": []}, "AdvancedMonitor._validate_breakthroughs": {"executed_lines": [], "summary": {"covered_lines": 0, "num_statements": 18, "percent_covered": 0.0, "percent_covered_display": "0", "missing_lines": 18, "excluded_lines": 0}, "missing_lines": [618, 619, 621, 622, 624, 625, 626, 627, 628, 629, 630, 631, 632, 633, 635, 637, 638, 640], "excluded_lines": []}, "AdvancedMonitor.get_monitoring_dashboard": {"executed_lines": [], "summary": {"covered_lines": 0, "num_statements": 16, "percent_covered": 0.0, "percent_covered_display": "0", "missing_lines": 16, "excluded_lines": 0}, "missing_lines": [645, 648, 649, 650, 658, 659, 660, 661, 664, 670, 671, 672, 673, 674, 675, 681], "excluded_lines": []}, "AdvancedMonitor.get_research_analytics": {"executed_lines": [], "summary": {"covered_lines": 0, "num_statements": 22, "percent_covered": 0.0, "percent_covered_display": "0", "missing_lines": 22, "excluded_lines": 0}, "missing_lines": [706, 708, 709, 710, 711, 713, 714, 715, 716, 719, 720, 721, 722, 725, 733, 734, 735, 736, 737, 738, 740, 742], "excluded_lines": []}, "create_advanced_monitor": {"executed_lines": [], "summary": {"covered_lines": 0, "num_statements": 3, "percent_covered": 0.0, "percent_covered_display": "0", "missing_lines": 3, "excluded_lines": 0}, "missing_lines": [760, 761, 762], "excluded_lines": []}, "get_global_monitor": {"executed_lines": [], "summary": {"covered_lines": 0, "num_statements": 3, "percent_covered": 0.0, "percent_covered_display": "0", "missing_lines": 3, "excluded_lines": 0}, "missing_lines": [772, 773, 774], "excluded_lines": []}, "": {"executed_lines": [], "summary": {"covered_lines": 0, "num_statements": 100, "percent_covered": 0.0, "percent_covered_display": "0", "missing_lines": 100, "excluded_lines": 0}, "missing_lines": [11, 13, 14, 15, 16, 17, 18, 19, 20, 21, 23, 26, 29, 30, 31, 32, 33, 36, 39, 40, 41, 42, 43, 44, 47, 48, 51, 52, 53, 54, 55, 56, 59, 60, 63, 64, 65, 66, 67, 68, 69, 70, 71, 72, 73, 76, 77, 80, 81, 82, 83, 84, 85, 86, 87, 88, 91, 92, 96, 97, 98, 101, 102, 103, 104, 107, 108, 109, 112, 113, 114, 117, 118, 119, 122, 125, 160, 170, 190, 211, 249, 289, 303, 320, 386, 418, 434, 449, 472, 491, 513, 545, 582, 597, 615, 642, 702, 758, 766, 769], "excluded_lines": []}}, "classes": {"AlertSeverity": {"executed_lines": [], "summary": {"covered_lines": 0, "num_statements": 0, "percent_covered": 100.0, "percent_covered_display": "100", "missing_lines": 0, "excluded_lines": 0}, "missing_lines": [], "excluded_lines": []}, "MetricType": {"executed_lines": [], "summary": {"covered_lines": 0, "num_statements": 0, "percent_covered": 100.0, "percent_covered_display": "100", "missing_lines": 0, "excluded_lines": 0}, "missing_lines": [], "excluded_lines": []}, "MetricPoint": {"executed_lines": [], "summary": {"covered_lines": 0, "num_statements": 0, "percent_covered": 100.0, "percent_covered_display": "100", "missing_lines": 0, "excluded_lines": 0}, "missing_lines": [], "excluded_lines": []}, "Alert": {"executed_lines": [], "summary": {"covered_lines": 0, "num_statements": 0, "percent_covered": 100.0, "percent_covered_display": "100", "missing_lines": 0, "excluded_lines": 0}, "missing_lines": [], "excluded_lines": []}, "BreakthroughEvent": {"executed_lines": [], "summary": {"covered_lines": 0, "num_statements": 0, "percent_covered": 100.0, "percent_covered_display": "100", "missing_lines": 0, "excluded_lines": 0}, "missing_lines": [], "excluded_lines": []}, "MonitoringConfig": {"executed_lines": [], "summary": {"covered_lines": 0, "num_statements": 0, "percent_covered": 100.0, "percent_covered_display": "100", "missing_lines": 0, "excluded_lines": 0}, "missing_lines": [], "excluded_lines": []}, "AdvancedMonitor": {"executed_lines": [], "summary": {"covered_lines": 0, "num_statements": 273, "percent_covered": 0.0, "percent_covered_display": "0", "missing_lines": 273, "excluded_lines": 0}, "missing_lines": [127, 130, 131, 134, 135, 136, 139, 140, 143, 144, 147, 148, 151, 152, 155, 156, 158, 162, 163, 164, 166, 167, 168, 172, 173, 174, 175, 176, 177, 178, 180, 181, 182, 183, 184, 185, 186, 188, 194, 203, 206, 209, 215, 216, 219, 220, 224, 225, 228, 229, 233, 234, 235, 237, 238, 242, 243, 246, 247, 252, 253, 256, 264, 266, 267, 281, 284, 286, 292, 293, 294, 295, 296, 297, 298, 299, 301, 306, 307, 308, 310, 311, 313, 314, 317, 324, 325, 328, 329, 330, 341, 344, 345, 348, 349, 360, 363, 364, 366, 367, 369, 370, 371, 372, 382, 384, 389, 391, 393, 396, 397, 398, 399, 401, 403, 405, 408, 409, 410, 411, 413, 421, 422, 424, 425, 426, 427, 428, 429, 430, 431, 432, 437, 446, 447, 453, 461, 462, 463, 466, 467, 468, 469, 470, 475, 476, 484, 485, 486, 487, 488, 489, 494, 495, 497, 500, 503, 505, 507, 508, 509, 510, 511, 516, 517, 518, 519, 522, 523, 524, 527, 528, 531, 532, 537, 539, 540, 541, 542, 543, 548, 549, 550, 553, 554, 555, 557, 558, 559, 560, 563, 564, 566, 567, 569, 570, 572, 574, 575, 576, 577, 579, 580, 585, 594, 595, 601, 602, 603, 604, 605, 608, 609, 610, 611, 612, 613, 618, 619, 621, 622, 624, 625, 626, 627, 628, 629, 630, 631, 632, 633, 635, 637, 638, 640, 645, 648, 649, 650, 658, 659, 660, 661, 664, 670, 671, 672, 673, 674, 675, 681, 706, 708, 709, 710, 711, 713, 714, 715, 716, 719, 720, 721, 722, 725, 733, 734, 735, 736, 737, 738, 740, 742], "excluded_lines": []}, "": {"executed_lines": [], "summary": {"covered_lines": 0, "num_statements": 106, "percent_covered": 0.0, "percent_covered_display": "0", "missing_lines": 106, "excluded_lines": 0}, "missing_lines": [11, 13, 14, 15, 16, 17, 18, 19, 20, 21, 23, 26, 29, 30, 31, 32, 33, 36, 39, 40, 41, 42, 43, 44, 47, 48, 51, 52, 53, 54, 55, 56, 59, 60, 63, 64, 65, 66, 67, 68, 69, 70, 71, 72, 73, 76, 77, 80, 81, 82, 83, 84, 85, 86, 87, 88, 91, 92, 96, 97, 98, 101, 102, 103, 104, 107, 108, 109, 112, 113, 114, 117, 118, 119, 122, 125, 160, 170, 190, 211, 249, 289, 303, 320, 386, 418, 434, 449, 472, 491, 513, 545, 582, 597, 615, 642, 702, 758, 760, 761, 762, 766, 769, 772, 773, 774], "excluded_lines": []}}}, "src/crewai_email_triage/advanced_scaling.py": {"executed_lines": [1, 3, 5, 6, 7, 8, 9, 10, 13, 14, 18, 19, 21, 22, 25, 26, 27, 30, 31, 32, 35, 36, 37, 40, 41, 42, 45, 46, 47, 50, 51, 52, 54, 85, 86, 88, 90, 91, 94, 95, 96, 99, 100, 101, 103, 105, 145, 184, 198, 206, 214, 234, 248, 249, 251, 253, 256, 257, 258, 259, 262, 268, 269, 270, 273, 274, 275, 277, 279, 323, 373, 424, 463, 525, 532, 544, 563, 583, 638, 646, 668, 697, 700, 715, 721], "summary": {"covered_lines": 81, "num_statements": 344, "percent_covered": 23.546511627906977, "percent_covered_display": "24", "missing_lines": 263, "excluded_lines": 0}, "missing_lines": [15, 16, 56, 109, 110, 113, 114, 117, 120, 121, 124, 125, 126, 129, 130, 131, 133, 134, 135, 141, 143, 149, 150, 153, 154, 157, 160, 161, 164, 165, 166, 169, 170, 172, 173, 174, 180, 182, 186, 187, 188, 190, 191, 193, 194, 196, 200, 201, 203, 204, 208, 209, 211, 212, 216, 222, 223, 225, 226, 229, 230, 232, 236, 287, 289, 290, 293, 294, 296, 298, 299, 302, 305, 308, 309, 311, 313, 315, 317, 318, 319, 320, 321, 330, 332, 333, 336, 337, 338, 339, 342, 343, 346, 347, 350, 351, 352, 353, 355, 358, 364, 367, 368, 370, 371, 381, 382, 385, 386, 387, 388, 389, 390, 393, 396, 399, 404, 407, 408, 409, 410, 411, 413, 420, 422, 432, 433, 436, 437, 440, 441, 443, 444, 445, 448, 451, 452, 454, 455, 457, 458, 460, 461, 470, 471, 474, 477, 479, 480, 482, 484, 485, 486, 487, 488, 489, 492, 493, 496, 497, 499, 501, 502, 503, 505, 506, 508, 510, 511, 512, 515, 523, 527, 529, 530, 536, 537, 540, 542, 548, 549, 550, 551, 552, 553, 556, 557, 558, 559, 561, 567, 569, 570, 571, 572, 575, 576, 577, 578, 579, 581, 587, 588, 589, 592, 593, 594, 597, 598, 599, 600, 601, 604, 605, 606, 608, 609, 612, 613, 614, 615, 616, 617, 618, 621, 622, 623, 624, 625, 628, 629, 630, 633, 634, 635, 636, 640, 641, 643, 644, 649, 671, 674, 675, 677, 678, 679, 680, 681, 682, 685, 689, 690, 691, 692, 693, 707, 708, 710, 712, 718, 724, 725], "excluded_lines": [], "functions": {"ScalingMetrics.to_dict": {"executed_lines": [], "summary": {"covered_lines": 0, "num_statements": 1, "percent_covered": 0.0, "percent_covered_display": "0", "missing_lines": 1, "excluded_lines": 0}, "missing_lines": [56], "excluded_lines": []}, "AdaptiveLoadBalancer.__init__": {"executed_lines": [90, 91, 94, 95, 96, 99, 100, 101, 103], "summary": {"covered_lines": 9, "num_statements": 9, "percent_covered": 100.0, "percent_covered_display": "100", "missing_lines": 0, "excluded_lines": 0}, "missing_lines": [], "excluded_lines": []}, "AdaptiveLoadBalancer.should_scale_up": {"executed_lines": [], "summary": {"covered_lines": 0, "num_statements": 18, "percent_covered": 0.0, "percent_covered_display": "0", "missing_lines": 18, "excluded_lines": 0}, "missing_lines": [109, 110, 113, 114, 117, 120, 121, 124, 125, 126, 129, 130, 131, 133, 134, 135, 141, 143], "excluded_lines": []}, "AdaptiveLoadBalancer.should_scale_down": {"executed_lines": [], "summary": {"covered_lines": 0, "num_statements": 17, "percent_covered": 0.0, "percent_covered_display": "0", "missing_lines": 17, "excluded_lines": 0}, "missing_lines": [149, 150, 153, 154, 157, 160, 161, 164, 165, 166, 169, 170, 172, 173, 174, 180, 182], "excluded_lines": []}, "AdaptiveLoadBalancer.scale_workers": {"executed_lines": [], "summary": {"covered_lines": 0, "num_statements": 8, "percent_covered": 0.0, "percent_covered_display": "0", "missing_lines": 8, "excluded_lines": 0}, "missing_lines": [186, 187, 188, 190, 191, 193, 194, 196], "excluded_lines": []}, "AdaptiveLoadBalancer._calculate_worker_utilization": {"executed_lines": [], "summary": {"covered_lines": 0, "num_statements": 4, "percent_covered": 0.0, "percent_covered_display": "0", "missing_lines": 4, "excluded_lines": 0}, "missing_lines": [200, 201, 203, 204], "excluded_lines": []}, "AdaptiveLoadBalancer._get_average_latency": {"executed_lines": [], "summary": {"covered_lines": 0, "num_statements": 4, "percent_covered": 0.0, "percent_covered_display": "0", "missing_lines": 4, "excluded_lines": 0}, "missing_lines": [208, 209, 211, 212], "excluded_lines": []}, "AdaptiveLoadBalancer._is_sustained_low_throughput": {"executed_lines": [], "summary": {"covered_lines": 0, "num_statements": 8, "percent_covered": 0.0, "percent_covered_display": "0", "missing_lines": 8, "excluded_lines": 0}, "missing_lines": [216, 222, 223, 225, 226, 229, 230, 232], "excluded_lines": []}, "AdaptiveLoadBalancer.get_scaling_status": {"executed_lines": [], "summary": {"covered_lines": 0, "num_statements": 1, "percent_covered": 0.0, "percent_covered_display": "0", "missing_lines": 1, "excluded_lines": 0}, "missing_lines": [236], "excluded_lines": []}, "HighPerformanceProcessor.__init__": {"executed_lines": [253, 256, 257, 258, 259, 262, 268, 269, 270, 273, 274, 275, 277], "summary": {"covered_lines": 13, "num_statements": 13, "percent_covered": 100.0, "percent_covered_display": "100", "missing_lines": 0, "excluded_lines": 0}, "missing_lines": [], "excluded_lines": []}, "HighPerformanceProcessor.process_batch_optimized": {"executed_lines": [], "summary": {"covered_lines": 0, "num_statements": 20, "percent_covered": 0.0, "percent_covered_display": "0", "missing_lines": 20, "excluded_lines": 0}, "missing_lines": [287, 289, 290, 293, 294, 296, 298, 299, 302, 305, 308, 309, 311, 313, 315, 317, 318, 319, 320, 321], "excluded_lines": []}, "HighPerformanceProcessor._priority_sort_messages": {"executed_lines": [], "summary": {"covered_lines": 0, "num_statements": 7, "percent_covered": 0.0, "percent_covered_display": "0", "missing_lines": 7, "excluded_lines": 0}, "missing_lines": [330, 358, 364, 367, 368, 370, 371], "excluded_lines": []}, "HighPerformanceProcessor._priority_sort_messages.get_priority_score": {"executed_lines": [], "summary": {"covered_lines": 0, "num_statements": 15, "percent_covered": 0.0, "percent_covered_display": "0", "missing_lines": 15, "excluded_lines": 0}, "missing_lines": [332, 333, 336, 337, 338, 339, 342, 343, 346, 347, 350, 351, 352, 353, 355], "excluded_lines": []}, "HighPerformanceProcessor._process_with_adaptive_concurrency": {"executed_lines": [], "summary": {"covered_lines": 0, "num_statements": 20, "percent_covered": 0.0, "percent_covered_display": "0", "missing_lines": 20, "excluded_lines": 0}, "missing_lines": [381, 382, 385, 386, 387, 388, 389, 390, 393, 396, 399, 404, 407, 408, 409, 410, 411, 413, 420, 422], "excluded_lines": []}, "HighPerformanceProcessor._create_optimal_batches": {"executed_lines": [], "summary": {"covered_lines": 0, "num_statements": 18, "percent_covered": 0.0, "percent_covered_display": "0", "missing_lines": 18, "excluded_lines": 0}, "missing_lines": [432, 433, 436, 437, 440, 441, 443, 444, 445, 448, 451, 452, 454, 455, 457, 458, 460, 461], "excluded_lines": []}, "HighPerformanceProcessor._process_batch_chunk": {"executed_lines": [], "summary": {"covered_lines": 0, "num_statements": 29, "percent_covered": 0.0, "percent_covered_display": "0", "missing_lines": 29, "excluded_lines": 0}, "missing_lines": [470, 471, 474, 477, 479, 480, 482, 484, 485, 486, 487, 488, 489, 492, 493, 496, 497, 499, 501, 502, 503, 505, 506, 508, 510, 511, 512, 515, 523], "excluded_lines": []}, "HighPerformanceProcessor._generate_cache_key": {"executed_lines": [], "summary": {"covered_lines": 0, "num_statements": 3, "percent_covered": 0.0, "percent_covered_display": "0", "missing_lines": 3, "excluded_lines": 0}, "missing_lines": [527, 529, 530], "excluded_lines": []}, "HighPerformanceProcessor._apply_batch_optimizations": {"executed_lines": [], "summary": {"covered_lines": 0, "num_statements": 4, "percent_covered": 0.0, "percent_covered_display": "0", "missing_lines": 4, "excluded_lines": 0}, "missing_lines": [536, 537, 540, 542], "excluded_lines": []}, "HighPerformanceProcessor._detect_and_optimize_similar_results": {"executed_lines": [], "summary": {"covered_lines": 0, "num_statements": 11, "percent_covered": 0.0, "percent_covered_display": "0", "missing_lines": 11, "excluded_lines": 0}, "missing_lines": [548, 549, 550, 551, 552, 553, 556, 557, 558, 559, 561], "excluded_lines": []}, "HighPerformanceProcessor._optimize_batch_responses": {"executed_lines": [], "summary": {"covered_lines": 0, "num_statements": 11, "percent_covered": 0.0, "percent_covered_display": "0", "missing_lines": 11, "excluded_lines": 0}, "missing_lines": [567, 569, 570, 571, 572, 575, 576, 577, 578, 579, 581], "excluded_lines": []}, "HighPerformanceProcessor._update_performance_metrics": {"executed_lines": [], "summary": {"covered_lines": 0, "num_statements": 35, "percent_covered": 0.0, "percent_covered_display": "0", "missing_lines": 35, "excluded_lines": 0}, "missing_lines": [587, 588, 589, 592, 593, 594, 597, 598, 599, 600, 601, 604, 605, 606, 608, 609, 612, 613, 614, 615, 616, 617, 618, 621, 622, 623, 624, 625, 628, 629, 630, 633, 634, 635, 636], "excluded_lines": []}, "HighPerformanceProcessor._get_recent_throughput": {"executed_lines": [], "summary": {"covered_lines": 0, "num_statements": 4, "percent_covered": 0.0, "percent_covered_display": "0", "missing_lines": 4, "excluded_lines": 0}, "missing_lines": [640, 641, 643, 644], "excluded_lines": []}, "HighPerformanceProcessor.get_performance_report": {"executed_lines": [], "summary": {"covered_lines": 0, "num_statements": 1, "percent_covered": 0.0, "percent_covered_display": "0", "missing_lines": 1, "excluded_lines": 0}, "missing_lines": [649], "excluded_lines": []}, "HighPerformanceProcessor.optimize_configuration": {"executed_lines": [], "summary": {"covered_lines": 0, "num_statements": 15, "percent_covered": 0.0, "percent_covered_display": "0", "missing_lines": 15, "excluded_lines": 0}, "missing_lines": [671, 674, 675, 677, 678, 679, 680, 681, 682, 685, 689, 690, 691, 692, 693], "excluded_lines": []}, "process_batch_high_performance": {"executed_lines": [], "summary": {"covered_lines": 0, "num_statements": 4, "percent_covered": 0.0, "percent_covered_display": "0", "missing_lines": 4, "excluded_lines": 0}, "missing_lines": [707, 708, 710, 712], "excluded_lines": []}, "get_performance_insights": {"executed_lines": [], "summary": {"covered_lines": 0, "num_statements": 1, "percent_covered": 0.0, "percent_covered_display": "0", "missing_lines": 1, "excluded_lines": 0}, "missing_lines": [718], "excluded_lines": []}, "optimize_system_performance": {"executed_lines": [], "summary": {"covered_lines": 0, "num_statements": 2, "percent_covered": 0.0, "percent_covered_display": "0", "missing_lines": 2, "excluded_lines": 0}, "missing_lines": [724, 725], "excluded_lines": []}, "": {"executed_lines": [1, 3, 5, 6, 7, 8, 9, 10, 13, 14, 18, 19, 21, 22, 25, 26, 27, 30, 31, 32, 35, 36, 37, 40, 41, 42, 45, 46, 47, 50, 51, 52, 54, 85, 86, 88, 105, 145, 184, 198, 206, 214, 234, 248, 249, 251, 279, 323, 373, 424, 463, 525, 532, 544, 563, 583, 638, 646, 668, 697, 700, 715, 721], "summary": {"covered_lines": 59, "num_statements": 61, "percent_covered": 96.72131147540983, "percent_covered_display": "97", "missing_lines": 2, "excluded_lines": 0}, "missing_lines": [15, 16], "excluded_lines": []}}, "classes": {"ScalingMetrics": {"executed_lines": [], "summary": {"covered_lines": 0, "num_statements": 1, "percent_covered": 0.0, "percent_covered_display": "0", "missing_lines": 1, "excluded_lines": 0}, "missing_lines": [56], "excluded_lines": []}, "AdaptiveLoadBalancer": {"executed_lines": [90, 91, 94, 95, 96, 99, 100, 101, 103], "summary": {"covered_lines": 9, "num_statements": 69, "percent_covered": 13.043478260869565, "percent_covered_display": "13", "missing_lines": 60, "excluded_lines": 0}, "missing_lines": [109, 110, 113, 114, 117, 120, 121, 124, 125, 126, 129, 130, 131, 133, 134, 135, 141, 143, 149, 150, 153, 154, 157, 160, 161, 164, 165, 166, 169, 170, 172, 173, 174, 180, 182, 186, 187, 188, 190, 191, 193, 194, 196, 200, 201, 203, 204, 208, 209, 211, 212, 216, 222, 223, 225, 226, 229, 230, 232, 236], "excluded_lines": []}, "HighPerformanceProcessor": {"executed_lines": [253, 256, 257, 258, 259, 262, 268, 269, 270, 273, 274, 275, 277], "summary": {"covered_lines": 13, "num_statements": 206, "percent_covered": 6.310679611650485, "percent_covered_display": "6", "missing_lines": 193, "excluded_lines": 0}, "missing_lines": [287, 289, 290, 293, 294, 296, 298, 299, 302, 305, 308, 309, 311, 313, 315, 317, 318, 319, 320, 321, 330, 332, 333, 336, 337, 338, 339, 342, 343, 346, 347, 350, 351, 352, 353, 355, 358, 364, 367, 368, 370, 371, 381, 382, 385, 386, 387, 388, 389, 390, 393, 396, 399, 404, 407, 408, 409, 410, 411, 413, 420, 422, 432, 433, 436, 437, 440, 441, 443, 444, 445, 448, 451, 452, 454, 455, 457, 458, 460, 461, 470, 471, 474, 477, 479, 480, 482, 484, 485, 486, 487, 488, 489, 492, 493, 496, 497, 499, 501, 502, 503, 505, 506, 508, 510, 511, 512, 515, 523, 527, 529, 530, 536, 537, 540, 542, 548, 549, 550, 551, 552, 553, 556, 557, 558, 559, 561, 567, 569, 570, 571, 572, 575, 576, 577, 578, 579, 581, 587, 588, 589, 592, 593, 594, 597, 598, 599, 600, 601, 604, 605, 606, 608, 609, 612, 613, 614, 615, 616, 617, 618, 621, 622, 623, 624, 625, 628, 629, 630, 633, 634, 635, 636, 640, 641, 643, 644, 649, 671, 674, 675, 677, 678, 679, 680, 681, 682, 685, 689, 690, 691, 692, 693], "excluded_lines": []}, "": {"executed_lines": [1, 3, 5, 6, 7, 8, 9, 10, 13, 14, 18, 19, 21, 22, 25, 26, 27, 30, 31, 32, 35, 36, 37, 40, 41, 42, 45, 46, 47, 50, 51, 52, 54, 85, 86, 88, 105, 145, 184, 198, 206, 214, 234, 248, 249, 251, 279, 323, 373, 424, 463, 525, 532, 544, 563, 583, 638, 646, 668, 697, 700, 715, 721], "summary": {"covered_lines": 59, "num_statements": 68, "percent_covered": 86.76470588235294, "percent_covered_display": "87", "missing_lines": 9, "excluded_lines": 0}, "missing_lines": [15, 16, 707, 708, 710, 712, 718, 724, 725], "excluded_lines": []}}}, "src/crewai_email_triage/advanced_security.py": {"executed_lines": [1, 3, 5, 6, 7, 8, 9, 10, 11, 12, 13, 14, 16, 17, 19, 20, 23, 24, 25, 27, 28, 29, 30, 31, 32, 33, 36, 37, 38, 40, 41, 42, 43, 44, 45, 47, 68, 69, 71, 88, 181, 211, 220, 229, 260, 291, 322, 355, 374, 429, 461, 516, 548, 577, 578, 580, 582, 584, 620, 632, 635], "summary": {"covered_lines": 56, "num_statements": 253, "percent_covered": 22.134387351778656, "percent_covered_display": "22", "missing_lines": 197, "excluded_lines": 0}, "missing_lines": [49, 73, 74, 75, 76, 79, 86, 91, 92, 93, 95, 97, 98, 101, 102, 105, 106, 109, 110, 113, 114, 117, 118, 121, 122, 123, 126, 129, 132, 135, 136, 138, 140, 150, 151, 152, 154, 155, 156, 157, 159, 167, 169, 170, 171, 174, 183, 213, 222, 231, 233, 234, 235, 243, 246, 247, 248, 256, 258, 262, 264, 265, 266, 274, 277, 278, 279, 287, 289, 293, 295, 296, 297, 305, 308, 309, 310, 318, 320, 324, 326, 327, 328, 336, 339, 340, 342, 343, 351, 353, 357, 359, 360, 361, 369, 370, 372, 376, 379, 380, 382, 383, 384, 385, 388, 389, 397, 400, 401, 409, 412, 413, 414, 422, 424, 425, 427, 432, 433, 436, 437, 440, 441, 442, 445, 446, 447, 448, 449, 452, 453, 456, 457, 459, 463, 465, 466, 467, 468, 471, 476, 477, 478, 486, 489, 490, 498, 501, 502, 503, 504, 512, 514, 519, 520, 523, 530, 531, 533, 535, 538, 540, 541, 544, 546, 551, 554, 556, 557, 559, 560, 561, 562, 564, 567, 568, 571, 572, 574, 594, 601, 602, 604, 605, 608, 609, 611, 617, 618, 624, 627, 628, 642, 643, 646, 647, 658], "excluded_lines": [], "functions": {"SecurityAnalysisResult.to_dict": {"executed_lines": [], "summary": {"covered_lines": 0, "num_statements": 1, "percent_covered": 0.0, "percent_covered_display": "0", "missing_lines": 1, "excluded_lines": 0}, "missing_lines": [49], "excluded_lines": []}, "AdvancedSecurityScanner.__init__": {"executed_lines": [], "summary": {"covered_lines": 0, "num_statements": 6, "percent_covered": 0.0, "percent_covered_display": "0", "missing_lines": 6, "excluded_lines": 0}, "missing_lines": [73, 74, 75, 76, 79, 86], "excluded_lines": []}, "AdvancedSecurityScanner.scan_content": {"executed_lines": [], "summary": {"covered_lines": 0, "num_statements": 39, "percent_covered": 0.0, "percent_covered_display": "0", "missing_lines": 39, "excluded_lines": 0}, "missing_lines": [91, 92, 93, 95, 97, 98, 101, 102, 105, 106, 109, 110, 113, 114, 117, 118, 121, 122, 123, 126, 129, 132, 135, 136, 138, 140, 150, 151, 152, 154, 155, 156, 157, 159, 167, 169, 170, 171, 174], "excluded_lines": []}, "AdvancedSecurityScanner._load_threat_signatures": {"executed_lines": [], "summary": {"covered_lines": 0, "num_statements": 1, "percent_covered": 0.0, "percent_covered_display": "0", "missing_lines": 1, "excluded_lines": 0}, "missing_lines": [183], "excluded_lines": []}, "AdvancedSecurityScanner._load_malicious_domains": {"executed_lines": [], "summary": {"covered_lines": 0, "num_statements": 1, "percent_covered": 0.0, "percent_covered_display": "0", "missing_lines": 1, "excluded_lines": 0}, "missing_lines": [213], "excluded_lines": []}, "AdvancedSecurityScanner._load_suspicious_patterns": {"executed_lines": [], "summary": {"covered_lines": 0, "num_statements": 1, "percent_covered": 0.0, "percent_covered_display": "0", "missing_lines": 1, "excluded_lines": 0}, "missing_lines": [222], "excluded_lines": []}, "AdvancedSecurityScanner._detect_phishing": {"executed_lines": [], "summary": {"covered_lines": 0, "num_statements": 10, "percent_covered": 0.0, "percent_covered_display": "0", "missing_lines": 10, "excluded_lines": 0}, "missing_lines": [231, 233, 234, 235, 243, 246, 247, 248, 256, 258], "excluded_lines": []}, "AdvancedSecurityScanner._detect_malware_indicators": {"executed_lines": [], "summary": {"covered_lines": 0, "num_statements": 10, "percent_covered": 0.0, "percent_covered_display": "0", "missing_lines": 10, "excluded_lines": 0}, "missing_lines": [262, 264, 265, 266, 274, 277, 278, 279, 287, 289], "excluded_lines": []}, "AdvancedSecurityScanner._detect_social_engineering": {"executed_lines": [], "summary": {"covered_lines": 0, "num_statements": 10, "percent_covered": 0.0, "percent_covered_display": "0", "missing_lines": 10, "excluded_lines": 0}, "missing_lines": [293, 295, 296, 297, 305, 308, 309, 310, 318, 320], "excluded_lines": []}, "AdvancedSecurityScanner._detect_spam": {"executed_lines": [], "summary": {"covered_lines": 0, "num_statements": 11, "percent_covered": 0.0, "percent_covered_display": "0", "missing_lines": 11, "excluded_lines": 0}, "missing_lines": [324, 326, 327, 328, 336, 339, 340, 342, 343, 351, 353], "excluded_lines": []}, "AdvancedSecurityScanner._detect_data_exfiltration": {"executed_lines": [], "summary": {"covered_lines": 0, "num_statements": 7, "percent_covered": 0.0, "percent_covered_display": "0", "missing_lines": 7, "excluded_lines": 0}, "missing_lines": [357, 359, 360, 361, 369, 370, 372], "excluded_lines": []}, "AdvancedSecurityScanner._analyze_urls": {"executed_lines": [], "summary": {"covered_lines": 0, "num_statements": 20, "percent_covered": 0.0, "percent_covered_display": "0", "missing_lines": 20, "excluded_lines": 0}, "missing_lines": [376, 379, 380, 382, 383, 384, 385, 388, 389, 397, 400, 401, 409, 412, 413, 414, 422, 424, 425, 427], "excluded_lines": []}, "AdvancedSecurityScanner._is_suspicious_url": {"executed_lines": [], "summary": {"covered_lines": 0, "num_statements": 17, "percent_covered": 0.0, "percent_covered_display": "0", "missing_lines": 17, "excluded_lines": 0}, "missing_lines": [432, 433, 436, 437, 440, 441, 442, 445, 446, 447, 448, 449, 452, 453, 456, 457, 459], "excluded_lines": []}, "AdvancedSecurityScanner._analyze_attachments": {"executed_lines": [], "summary": {"covered_lines": 0, "num_statements": 19, "percent_covered": 0.0, "percent_covered_display": "0", "missing_lines": 19, "excluded_lines": 0}, "missing_lines": [463, 465, 466, 467, 468, 471, 476, 477, 478, 486, 489, 490, 498, 501, 502, 503, 504, 512, 514], "excluded_lines": []}, "AdvancedSecurityScanner._calculate_risk_score": {"executed_lines": [], "summary": {"covered_lines": 0, "num_statements": 12, "percent_covered": 0.0, "percent_covered_display": "0", "missing_lines": 12, "excluded_lines": 0}, "missing_lines": [519, 520, 523, 530, 531, 533, 535, 538, 540, 541, 544, 546], "excluded_lines": []}, "AdvancedSecurityScanner._sanitize_content": {"executed_lines": [], "summary": {"covered_lines": 0, "num_statements": 9, "percent_covered": 0.0, "percent_covered_display": "0", "missing_lines": 9, "excluded_lines": 0}, "missing_lines": [551, 554, 556, 564, 567, 568, 571, 572, 574], "excluded_lines": []}, "AdvancedSecurityScanner._sanitize_content.replace_url": {"executed_lines": [], "summary": {"covered_lines": 0, "num_statements": 5, "percent_covered": 0.0, "percent_covered_display": "0", "missing_lines": 5, "excluded_lines": 0}, "missing_lines": [557, 559, 560, 561, 562], "excluded_lines": []}, "SecurityAuditLogger.__init__": {"executed_lines": [582], "summary": {"covered_lines": 1, "num_statements": 1, "percent_covered": 100.0, "percent_covered_display": "100", "missing_lines": 0, "excluded_lines": 0}, "missing_lines": [], "excluded_lines": []}, "SecurityAuditLogger.log_security_event": {"executed_lines": [], "summary": {"covered_lines": 0, "num_statements": 10, "percent_covered": 0.0, "percent_covered_display": "0", "missing_lines": 10, "excluded_lines": 0}, "missing_lines": [594, 601, 602, 604, 605, 608, 609, 611, 617, 618], "excluded_lines": []}, "SecurityAuditLogger._generate_event_hash": {"executed_lines": [], "summary": {"covered_lines": 0, "num_statements": 3, "percent_covered": 0.0, "percent_covered_display": "0", "missing_lines": 3, "excluded_lines": 0}, "missing_lines": [624, 627, 628], "excluded_lines": []}, "perform_security_scan": {"executed_lines": [], "summary": {"covered_lines": 0, "num_statements": 5, "percent_covered": 0.0, "percent_covered_display": "0", "missing_lines": 5, "excluded_lines": 0}, "missing_lines": [642, 643, 646, 647, 658], "excluded_lines": []}, "": {"executed_lines": [1, 3, 5, 6, 7, 8, 9, 10, 11, 12, 13, 14, 16, 17, 19, 20, 23, 24, 25, 27, 28, 29, 30, 31, 32, 33, 36, 37, 38, 40, 41, 42, 43, 44, 45, 47, 68, 69, 71, 88, 181, 211, 220, 229, 260, 291, 322, 355, 374, 429, 461, 516, 548, 577, 578, 580, 584, 620, 632, 635], "summary": {"covered_lines": 55, "num_statements": 55, "percent_covered": 100.0, "percent_covered_display": "100", "missing_lines": 0, "excluded_lines": 0}, "missing_lines": [], "excluded_lines": []}}, "classes": {"SecurityThreat": {"executed_lines": [], "summary": {"covered_lines": 0, "num_statements": 0, "percent_covered": 100.0, "percent_covered_display": "100", "missing_lines": 0, "excluded_lines": 0}, "missing_lines": [], "excluded_lines": []}, "SecurityAnalysisResult": {"executed_lines": [], "summary": {"covered_lines": 0, "num_statements": 1, "percent_covered": 0.0, "percent_covered_display": "0", "missing_lines": 1, "excluded_lines": 0}, "missing_lines": [49], "excluded_lines": []}, "AdvancedSecurityScanner": {"executed_lines": [], "summary": {"covered_lines": 0, "num_statements": 178, "percent_covered": 0.0, "percent_covered_display": "0", "missing_lines": 178, "excluded_lines": 0}, "missing_lines": [73, 74, 75, 76, 79, 86, 91, 92, 93, 95, 97, 98, 101, 102, 105, 106, 109, 110, 113, 114, 117, 118, 121, 122, 123, 126, 129, 132, 135, 136, 138, 140, 150, 151, 152, 154, 155, 156, 157, 159, 167, 169, 170, 171, 174, 183, 213, 222, 231, 233, 234, 235, 243, 246, 247, 248, 256, 258, 262, 264, 265, 266, 274, 277, 278, 279, 287, 289, 293, 295, 296, 297, 305, 308, 309, 310, 318, 320, 324, 326, 327, 328, 336, 339, 340, 342, 343, 351, 353, 357, 359, 360, 361, 369, 370, 372, 376, 379, 380, 382, 383, 384, 385, 388, 389, 397, 400, 401, 409, 412, 413, 414, 422, 424, 425, 427, 432, 433, 436, 437, 440, 441, 442, 445, 446, 447, 448, 449, 452, 453, 456, 457, 459, 463, 465, 466, 467, 468, 471, 476, 477, 478, 486, 489, 490, 498, 501, 502, 503, 504, 512, 514, 519, 520, 523, 530, 531, 533, 535, 538, 540, 541, 544, 546, 551, 554, 556, 557, 559, 560, 561, 562, 564, 567, 568, 571, 572, 574], "excluded_lines": []}, "SecurityAuditLogger": {"executed_lines": [582], "summary": {"covered_lines": 1, "num_statements": 14, "percent_covered": 7.142857142857143, "percent_covered_display": "7", "missing_lines": 13, "excluded_lines": 0}, "missing_lines": [594, 601, 602, 604, 605, 608, 609, 611, 617, 618, 624, 627, 628], "excluded_lines": []}, "": {"executed_lines": [1, 3, 5, 6, 7, 8, 9, 10, 11, 12, 13, 14, 16, 17, 19, 20, 23, 24, 25, 27, 28, 29, 30, 31, 32, 33, 36, 37, 38, 40, 41, 42, 43, 44, 45, 47, 68, 69, 71, 88, 181, 211, 220, 229, 260, 291, 322, 355, 374, 429, 461, 516, 548, 577, 578, 580, 584, 620, 632, 635], "summary": {"covered_lines": 55, "num_statements": 60, "percent_covered": 91.66666666666667, "percent_covered_display": "92", "missing_lines": 5, "excluded_lines": 0}, "missing_lines": [642, 643, 646, 647, 658], "excluded_lines": []}}}, "src/crewai_email_triage/agent.py": {"executed_lines": [1, 3, 5, 7, 10, 11, 108, 109, 153, 154, 160], "summary": {"covered_lines": 6, "num_statements": 7, "percent_covered": 85.71428571428571, "percent_covered_display": "86", "missing_lines": 1, "excluded_lines": 43}, "missing_lines": [174], "excluded_lines": [108, 109, 110, 111, 112, 113, 114, 115, 116, 117, 118, 119, 120, 121, 122, 123, 124, 125, 126, 127, 128, 129, 130, 131, 132, 133, 134, 135, 136, 137, 138, 139, 140, 141, 142, 143, 144, 145, 146, 147, 148, 149, 150], "functions": {"Agent.run": {"executed_lines": [], "summary": {"covered_lines": 0, "num_statements": 0, "percent_covered": 100.0, "percent_covered_display": "100", "missing_lines": 0, "excluded_lines": 41}, "missing_lines": [], "excluded_lines": [110, 111, 112, 113, 114, 115, 116, 117, 118, 119, 120, 121, 122, 123, 124, 125, 126, 127, 128, 129, 130, 131, 132, 133, 134, 135, 136, 137, 138, 139, 140, 141, 142, 143, 144, 145, 146, 147, 148, 149, 150]}, "LegacyAgent.run": {"executed_lines": [], "summary": {"covered_lines": 0, "num_statements": 1, "percent_covered": 0.0, "percent_covered_display": "0", "missing_lines": 1, "excluded_lines": 0}, "missing_lines": [174], "excluded_lines": []}, "": {"executed_lines": [1, 3, 5, 7, 10, 11, 108, 109, 153, 154, 160], "summary": {"covered_lines": 6, "num_statements": 6, "percent_covered": 100.0, "percent_covered_display": "100", "missing_lines": 0, "excluded_lines": 2}, "missing_lines": [], "excluded_lines": [108, 109]}}, "classes": {"Agent": {"executed_lines": [], "summary": {"covered_lines": 0, "num_statements": 0, "percent_covered": 100.0, "percent_covered_display": "100", "missing_lines": 0, "excluded_lines": 41}, "missing_lines": [], "excluded_lines": [110, 111, 112, 113, 114, 115, 116, 117, 118, 119, 120, 121, 122, 123, 124, 125, 126, 127, 128, 129, 130, 131, 132, 133, 134, 135, 136, 137, 138, 139, 140, 141, 142, 143, 144, 145, 146, 147, 148, 149, 150]}, "LegacyAgent": {"executed_lines": [], "summary": {"covered_lines": 0, "num_statements": 1, "percent_covered": 0.0, "percent_covered_display": "0", "missing_lines": 1, "excluded_lines": 0}, "missing_lines": [174], "excluded_lines": []}, "": {"executed_lines": [1, 3, 5, 7, 10, 11, 108, 109, 153, 154, 160], "summary": {"covered_lines": 6, "num_statements": 6, "percent_covered": 100.0, "percent_covered_display": "100", "missing_lines": 0, "excluded_lines": 2}, "missing_lines": [], "excluded_lines": [108, 109]}}}, "src/crewai_email_triage/agent_responses.py": {"executed_lines": [1, 3, 5, 6, 7, 8, 9, 11, 14, 15, 16, 19, 20, 21, 24, 25, 26, 28, 29, 30, 31, 32, 33, 35, 47, 48, 49, 51, 52, 53, 55, 66, 67, 68, 70, 71, 72, 74, 79, 90, 91, 92, 94, 95, 96, 98, 100, 104, 115, 116, 117, 119, 120, 121, 123, 134, 154, 157, 162, 165, 168, 169, 170, 171, 172, 173, 174, 175, 176, 184, 230, 232, 235, 237, 246, 249, 250, 254, 264, 266, 269, 271, 280, 282, 284, 287, 290, 294, 313, 315, 318, 320, 329,
[...]
uded_lines": []}, "SimulatedBERTClassifier._adaptive_learning_rate": {"executed_lines": [], "summary": {"covered_lines": 0, "num_statements": 11, "percent_covered": 0.0, "percent_covered_display": "0", "missing_lines": 11, "excluded_lines": 0}, "missing_lines": [281, 284, 286, 289, 292, 293, 294, 295, 296, 297, 299], "excluded_lines": []}, "SimulatedBERTClassifier._apply_gradients": {"executed_lines": [], "summary": {"covered_lines": 0, "num_statements": 7, "percent_covered": 0.0, "percent_covered_display": "0", "missing_lines": 7, "excluded_lines": 0}, "missing_lines": [305, 306, 307, 310, 311, 314, 315], "excluded_lines": []}, "SimulatedBERTClassifier._is_feedback_positive": {"executed_lines": [], "summary": {"covered_lines": 0, "num_statements": 1, "percent_covered": 0.0, "percent_covered_display": "0", "missing_lines": 1, "excluded_lines": 0}, "missing_lines": [320], "excluded_lines": []}, "PersonalizationEngine.__init__": {"executed_lines": [], "summary": {"covered_lines": 0, "num_statements": 4, "percent_covered": 0.0, "percent_covered_display": "0", "missing_lines": 4, "excluded_lines": 0}, "missing_lines": [327, 328, 329, 331], "excluded_lines": []}, "PersonalizationEngine.get_or_create_profile": {"executed_lines": [], "summary": {"covered_lines": 0, "num_statements": 5, "percent_covered": 0.0, "percent_covered_display": "0", "missing_lines": 5, "excluded_lines": 0}, "missing_lines": [336, 337, 338, 346, 348], "excluded_lines": []}, "PersonalizationEngine.update_profile_with_feedback": {"executed_lines": [], "summary": {"covered_lines": 0, "num_statements": 16, "percent_covered": 0.0, "percent_covered_display": "0", "missing_lines": 16, "excluded_lines": 0}, "missing_lines": [353, 355, 357, 358, 361, 362, 363, 364, 367, 369, 371, 374, 375, 380, 388, 389], "excluded_lines": []}, "PersonalizationEngine._feedback_to_vector": {"executed_lines": [], "summary": {"covered_lines": 0, "num_statements": 5, "percent_covered": 0.0, "percent_covered_display": "0", "missing_lines": 5, "excluded_lines": 0}, "missing_lines": [395, 397, 398, 399, 401], "excluded_lines": []}, "PersonalizationEngine.get_personalization_metrics": {"executed_lines": [], "summary": {"covered_lines": 0, "num_statements": 9, "percent_covered": 0.0, "percent_covered_display": "0", "missing_lines": 9, "excluded_lines": 0}, "missing_lines": [406, 409, 410, 411, 412, 413, 414, 415, 417], "excluded_lines": []}, "ContinuousLearningPipeline.__init__": {"executed_lines": [], "summary": {"covered_lines": 0, "num_statements": 7, "percent_covered": 0.0, "percent_covered_display": "0", "missing_lines": 7, "excluded_lines": 0}, "missing_lines": [431, 435, 436, 437, 440, 441, 443], "excluded_lines": []}, "ContinuousLearningPipeline.start_continuous_learning": {"executed_lines": [], "summary": {"covered_lines": 0, "num_statements": 7, "percent_covered": 0.0, "percent_covered_display": "0", "missing_lines": 7, "excluded_lines": 0}, "missing_lines": [448, 449, 451, 452, 453, 454, 456], "excluded_lines": []}, "ContinuousLearningPipeline.stop_continuous_learning": {"executed_lines": [], "summary": {"covered_lines": 0, "num_statements": 4, "percent_covered": 0.0, "percent_covered_display": "0", "missing_lines": 4, "excluded_lines": 0}, "missing_lines": [461, 462, 463, 465], "excluded_lines": []}, "ContinuousLearningPipeline.predict_with_personalization": {"executed_lines": [], "summary": {"covered_lines": 0, "num_statements": 6, "percent_covered": 0.0, "percent_covered_display": "0", "missing_lines": 6, "excluded_lines": 0}, "missing_lines": [471, 472, 475, 478, 481, 483], "excluded_lines": []}, "ContinuousLearningPipeline.submit_feedback": {"executed_lines": [], "summary": {"covered_lines": 0, "num_statements": 3, "percent_covered": 0.0, "percent_covered_display": "0", "missing_lines": 3, "excluded_lines": 0}, "missing_lines": [489, 492, 494], "excluded_lines": []}, "ContinuousLearningPipeline._apply_personalization": {"executed_lines": [], "summary": {"covered_lines": 0, "num_statements": 7, "percent_covered": 0.0, "percent_covered_display": "0", "missing_lines": 7, "excluded_lines": 0}, "missing_lines": [502, 504, 507, 508, 510, 513, 522], "excluded_lines": []}, "ContinuousLearningPipeline._continuous_learning_loop": {"executed_lines": [], "summary": {"covered_lines": 0, "num_statements": 13, "percent_covered": 0.0, "percent_covered_display": "0", "missing_lines": 13, "excluded_lines": 0}, "missing_lines": [527, 529, 530, 532, 533, 534, 535, 536, 537, 539, 540, 541, 543], "excluded_lines": []}, "ContinuousLearningPipeline._process_feedback": {"executed_lines": [], "summary": {"covered_lines": 0, "num_statements": 13, "percent_covered": 0.0, "percent_covered_display": "0", "missing_lines": 13, "excluded_lines": 0}, "missing_lines": [548, 550, 552, 555, 557, 559, 562, 567, 568, 569, 571, 573, 574], "excluded_lines": []}, "ContinuousLearningPipeline.get_learning_metrics": {"executed_lines": [], "summary": {"covered_lines": 0, "num_statements": 9, "percent_covered": 0.0, "percent_covered_display": "0", "missing_lines": 9, "excluded_lines": 0}, "missing_lines": [580, 581, 582, 583, 590, 598, 599, 600, 602], "excluded_lines": []}, "ContinuousLearningBenchmark.__init__": {"executed_lines": [], "summary": {"covered_lines": 0, "num_statements": 3, "percent_covered": 0.0, "percent_covered_display": "0", "missing_lines": 3, "excluded_lines": 0}, "missing_lines": [615, 616, 619], "excluded_lines": []}, "ContinuousLearningBenchmark.run_personalization_benchmark": {"executed_lines": [], "summary": {"covered_lines": 0, "num_statements": 10, "percent_covered": 0.0, "percent_covered_display": "0", "missing_lines": 10, "excluded_lines": 0}, "missing_lines": [624, 626, 628, 629, 630, 633, 636, 639, 641, 643], "excluded_lines": []}, "ContinuousLearningBenchmark._run_user_personalization_test": {"executed_lines": [], "summary": {"covered_lines": 0, "num_statements": 18, "percent_covered": 0.0, "percent_covered_display": "0", "missing_lines": 18, "excluded_lines": 0}, "missing_lines": [652, 653, 655, 657, 659, 660, 661, 663, 666, 667, 670, 671, 681, 684, 685, 686, 688, 690], "excluded_lines": []}, "ContinuousLearningBenchmark._generate_test_emails": {"executed_lines": [], "summary": {"covered_lines": 0, "num_statements": 8, "percent_covered": 0.0, "percent_covered_display": "0", "missing_lines": 8, "excluded_lines": 0}, "missing_lines": [703, 711, 712, 713, 714, 715, 716, 718], "excluded_lines": []}, "ContinuousLearningBenchmark._calculate_aggregate_metrics": {"executed_lines": [], "summary": {"covered_lines": 0, "num_statements": 4, "percent_covered": 0.0, "percent_covered_display": "0", "missing_lines": 4, "excluded_lines": 0}, "missing_lines": [724, 725, 726, 728], "excluded_lines": []}, "ContinuousLearningBenchmark.cleanup": {"executed_lines": [], "summary": {"covered_lines": 0, "num_statements": 1, "percent_covered": 0.0, "percent_covered_display": "0", "missing_lines": 1, "excluded_lines": 0}, "missing_lines": [739], "excluded_lines": []}, "": {"executed_lines": [], "summary": {"covered_lines": 0, "num_statements": 76, "percent_covered": 0.0, "percent_covered_display": "0", "missing_lines": 76, "excluded_lines": 7}, "missing_lines": [18, 19, 20, 21, 22, 23, 24, 25, 26, 27, 29, 32, 33, 36, 37, 38, 39, 40, 41, 42, 43, 46, 47, 50, 51, 52, 53, 54, 55, 56, 59, 60, 63, 64, 65, 66, 67, 68, 71, 91, 94, 116, 145, 187, 196, 216, 221, 239, 261, 276, 301, 317, 323, 326, 333, 350, 391, 403, 427, 430, 445, 458, 467, 485, 496, 524, 545, 576, 611, 614, 621, 649, 700, 720, 737, 743], "excluded_lines": [74, 75, 79, 80, 81, 85, 86]}}, "classes": {"UserFeedback": {"executed_lines": [], "summary": {"covered_lines": 0, "num_statements": 0, "percent_covered": 100.0, "percent_covered_display": "100", "missing_lines": 0, "excluded_lines": 0}, "missing_lines": [], "excluded_lines": []}, "PersonalizationProfile": {"executed_lines": [], "summary": {"covered_lines": 0, "num_statements": 0, "percent_covered": 100.0, "percent_covered_display": "100", "missing_lines": 0, "excluded_lines": 0}, "missing_lines": [], "excluded_lines": []}, "TransformerPrediction": {"executed_lines": [], "summary": {"covered_lines": 0, "num_statements": 0, "percent_covered": 100.0, "percent_covered_display": "100", "missing_lines": 0, "excluded_lines": 0}, "missing_lines": [], "excluded_lines": []}, "BaseTransformerModel": {"executed_lines": [], "summary": {"covered_lines": 0, "num_statements": 0, "percent_covered": 100.0, "percent_covered_display": "100", "missing_lines": 0, "excluded_lines": 6}, "missing_lines": [], "excluded_lines": [76, 77, 82, 83, 87, 88]}, "SimulatedBERTClassifier": {"executed_lines": [], "summary": {"covered_lines": 0, "num_statements": 89, "percent_covered": 0.0, "percent_covered_display": "0", "missing_lines": 89, "excluded_lines": 0}, "missing_lines": [95, 96, 99, 100, 101, 104, 107, 108, 111, 112, 114, 119, 122, 123, 126, 129, 130, 132, 133, 135, 137, 149, 151, 153, 156, 157, 160, 163, 164, 167, 168, 170, 172, 180, 181, 183, 184, 185, 190, 191, 192, 194, 201, 202, 205, 206, 209, 212, 214, 218, 219, 225, 227, 228, 229, 230, 233, 234, 235, 237, 244, 247, 250, 253, 255, 265, 266, 269, 272, 274, 281, 284, 286, 289, 292, 293, 294, 295, 296, 297, 299, 305, 306, 307, 310, 311, 314, 315, 320], "excluded_lines": []}, "PersonalizationEngine": {"executed_lines": [], "summary": {"covered_lines": 0, "num_statements": 39, "percent_covered": 0.0, "percent_covered_display": "0", "missing_lines": 39, "excluded_lines": 0}, "missing_lines": [327, 328, 329, 331, 336, 337, 338, 346, 348, 353, 355, 357, 358, 361, 362, 363, 364, 367, 369, 371, 374, 375, 380, 388, 389, 395, 397, 398, 399, 401, 406, 409, 410, 411, 412, 413, 414, 415, 417], "excluded_lines": []}, "ContinuousLearningPipeline": {"executed_lines": [], "summary": {"covered_lines": 0, "num_statements": 69, "percent_covered": 0.0, "percent_covered_display": "0", "missing_lines": 69, "excluded_lines": 0}, "missing_lines": [431, 435, 436, 437, 440, 441, 443, 448, 449, 451, 452, 453, 454, 456, 461, 462, 463, 465, 471, 472, 475, 478, 481, 483, 489, 492, 494, 502, 504, 507, 508, 510, 513, 522, 527, 529, 530, 532, 533, 534, 535, 536, 537, 539, 540, 541, 543, 548, 550, 552, 555, 557, 559, 562, 567, 568, 569, 571, 573, 574, 580, 581, 582, 583, 590, 598, 599, 600, 602], "excluded_lines": []}, "ContinuousLearningBenchmark": {"executed_lines": [], "summary": {"covered_lines": 0, "num_statements": 44, "percent_covered": 0.0, "percent_covered_display": "0", "missing_lines": 44, "excluded_lines": 0}, "missing_lines": [615, 616, 619, 624, 626, 628, 629, 630, 633, 636, 639, 641, 643, 652, 653, 655, 657, 659, 660, 661, 663, 666, 667, 670, 671, 681, 684, 685, 686, 688, 690, 703, 711, 712, 713, 714, 715, 716, 718, 724, 725, 726, 728, 739], "excluded_lines": []}, "": {"executed_lines": [], "summary": {"covered_lines": 0, "num_statements": 76, "percent_covered": 0.0, "percent_covered_display": "0", "missing_lines": 76, "excluded_lines": 7}, "missing_lines": [18, 19, 20, 21, 22, 23, 24, 25, 26, 27, 29, 32, 33, 36, 37, 38, 39, 40, 41, 42, 43, 46, 47, 50, 51, 52, 53, 54, 55, 56, 59, 60, 63, 64, 65, 66, 67, 68, 71, 91, 94, 116, 145, 187, 196, 216, 221, 239, 261, 276, 301, 317, 323, 326, 333, 350, 391, 403, 427, 430, 445, 458, 467, 485, 496, 524, 545, 576, 611, 614, 621, 649, 700, 720, 737, 743], "excluded_lines": [74, 75, 79, 80, 81, 85, 86]}}}, "src/crewai_email_triage/validation.py": {"executed_lines": [1, 3, 5, 6, 7, 8, 9, 10, 12, 15, 16, 17, 18, 19, 20, 23, 24, 25, 27, 28, 29, 30, 31, 32, 34, 46, 47, 48, 50, 51, 52, 53, 55, 56, 61, 62, 66, 68, 70, 82, 83, 85, 87, 98, 107, 115, 117, 128, 129, 130, 133, 136, 139, 140, 143, 146, 149, 150, 151, 154, 156, 163, 165, 168, 175, 176, 183, 184, 193, 194, 204, 205, 214, 216, 218, 221, 231, 232, 241, 242, 243, 255, 256, 265, 267, 269, 272, 273, 274, 286, 287, 288, 300, 301, 310, 312, 314, 317, 318, 320, 321, 322, 332, 333, 335, 336, 337, 339, 340, 349, 350, 351, 352, 354, 355, 364, 366, 368, 369, 372, 373, 374, 375, 376, 378, 389, 390, 391, 401, 402, 412, 416, 419, 422, 423, 424, 427, 429, 430, 433, 434, 436, 437], "summary": {"covered_lines": 137, "num_statements": 180, "percent_covered": 76.11111111111111, "percent_covered_display": "76", "missing_lines": 43, "excluded_lines": 0}, "missing_lines": [36, 58, 64, 72, 118, 169, 195, 196, 206, 244, 250, 252, 257, 275, 276, 289, 290, 302, 323, 356, 379, 392, 403, 439, 442, 443, 444, 445, 453, 454, 455, 456, 464, 465, 466, 474, 475, 476, 477, 478, 479, 486, 488], "excluded_lines": [], "functions": {"ValidationIssue.to_dict": {"executed_lines": [], "summary": {"covered_lines": 0, "num_statements": 1, "percent_covered": 0.0, "percent_covered_display": "0", "missing_lines": 1, "excluded_lines": 0}, "missing_lines": [36], "excluded_lines": []}, "ValidationResult.has_errors": {"executed_lines": [], "summary": {"covered_lines": 0, "num_statements": 1, "percent_covered": 0.0, "percent_covered_display": "0", "missing_lines": 1, "excluded_lines": 0}, "missing_lines": [58], "excluded_lines": []}, "ValidationResult.has_warnings": {"executed_lines": [], "summary": {"covered_lines": 0, "num_statements": 1, "percent_covered": 0.0, "percent_covered_display": "0", "missing_lines": 1, "excluded_lines": 0}, "missing_lines": [64], "excluded_lines": []}, "ValidationResult.get_issues_by_severity": {"executed_lines": [68], "summary": {"covered_lines": 1, "num_statements": 1, "percent_covered": 100.0, "percent_covered_display": "100", "missing_lines": 0, "excluded_lines": 0}, "missing_lines": [], "excluded_lines": []}, "ValidationResult.to_dict": {"executed_lines": [], "summary": {"covered_lines": 0, "num_statements": 1, "percent_covered": 0.0, "percent_covered_display": "0", "missing_lines": 1, "excluded_lines": 0}, "missing_lines": [72], "excluded_lines": []}, "EmailValidator.__init__": {"executed_lines": [87, 98, 107], "summary": {"covered_lines": 3, "num_statements": 3, "percent_covered": 100.0, "percent_covered_display": "100", "missing_lines": 0, "excluded_lines": 0}, "missing_lines": [], "excluded_lines": []}, "EmailValidator.validate_content": {"executed_lines": [117, 128, 129, 130, 133, 136, 139, 140, 143, 146, 149, 150, 151, 154, 156], "summary": {"covered_lines": 15, "num_statements": 16, "percent_covered": 93.75, "percent_covered_display": "94", "missing_lines": 1, "excluded_lines": 0}, "missing_lines": [118], "excluded_lines": []}, "EmailValidator._validate_basic_properties": {"executed_lines": [165, 168, 175, 176, 183, 184, 193, 194, 204, 205, 214], "summary": {"covered_lines": 11, "num_statements": 15, "percent_covered": 73.33333333333333, "percent_covered_display": "73", "missing_lines": 4, "excluded_lines": 0}, "missing_lines": [169, 195, 196, 206], "excluded_lines": []}, "EmailValidator._validate_structure": {"executed_lines": [218, 221, 231, 232, 241, 242, 243, 255, 256, 265], "summary": {"covered_lines": 10, "num_statements": 14, "percent_covered": 71.42857142857143, "percent_covered_display": "71", "missing_lines": 4, "excluded_lines": 0}, "missing_lines": [244, 250, 252, 257], "excluded_lines": []}, "EmailValidator._validate_security": {"executed_lines": [269, 272, 273, 274, 286, 287, 288, 300, 301, 310], "summary": {"covered_lines": 10, "num_statements": 15, "percent_covered": 66.66666666666667, "percent_covered_display": "67", "missing_lines": 5, "excluded_lines": 0}, "missing_lines": [275, 276, 289, 290, 302], "excluded_lines": []}, "EmailValidator._analyze_content_quality": {"executed_lines": [314, 317, 318, 320, 321, 322, 332, 333, 335, 336, 337, 339, 340, 349, 350, 351, 352, 354, 355, 364], "summary": {"covered_lines": 20, "num_statements": 22, "percent_covered": 90.9090909090909, "percent_covered_display": "91", "missing_lines": 2, "excluded_lines": 0}, "missing_lines": [323, 356], "excluded_lines": []}, "EmailValidator._validate_business_logic": {"executed_lines": [368, 369, 372, 373, 374, 375, 376, 378, 389, 390, 391, 401, 402, 412], "summary": {"covered_lines": 14, "num_statements": 17, "percent_covered": 82.3529411764706, "percent_covered_display": "82", "missing_lines": 3, "excluded_lines": 0}, "missing_lines": [379, 392, 403], "excluded_lines": []}, "get_email_validator": {"executed_lines": [422, 423, 424], "summary": {"covered_lines": 3, "num_statements": 3, "percent_covered": 100.0, "percent_covered_display": "100", "missing_lines": 0, "excluded_lines": 0}, "missing_lines": [], "excluded_lines": []}, "validate_email_content": {"executed_lines": [429, 430], "summary": {"covered_lines": 2, "num_statements": 2, "percent_covered": 100.0, "percent_covered_display": "100", "missing_lines": 0, "excluded_lines": 0}, "missing_lines": [], "excluded_lines": []}, "ConfigValidator.validate_config_dict": {"executed_lines": [], "summary": {"covered_lines": 0, "num_statements": 20, "percent_covered": 0.0, "percent_covered_display": "0", "missing_lines": 20, "excluded_lines": 0}, "missing_lines": [439, 442, 443, 444, 445, 453, 454, 455, 456, 464, 465, 466, 474, 475, 476, 477, 478, 479, 486, 488], "excluded_lines": []}, "": {"executed_lines": [1, 3, 5, 6, 7, 8, 9, 10, 12, 15, 16, 17, 18, 19, 20, 23, 24, 25, 27, 28, 29, 30, 31, 32, 34, 46, 47, 48, 50, 51, 52, 53, 55, 56, 61, 62, 66, 70, 82, 83, 85, 115, 163, 216, 267, 312, 366, 416, 419, 427, 433, 434, 436, 437], "summary": {"covered_lines": 48, "num_statements": 48, "percent_covered": 100.0, "percent_covered_display": "100", "missing_lines": 0, "excluded_lines": 0}, "missing_lines": [], "excluded_lines": []}}, "classes": {"ValidationSeverity": {"executed_lines": [], "summary": {"covered_lines": 0, "num_statements": 0, "percent_covered": 100.0, "percent_covered_display": "100", "missing_lines": 0, "excluded_lines": 0}, "missing_lines": [], "excluded_lines": []}, "ValidationIssue": {"executed_lines": [], "summary": {"covered_lines": 0, "num_statements": 1, "percent_covered": 0.0, "percent_covered_display": "0", "missing_lines": 1, "excluded_lines": 0}, "missing_lines": [36], "excluded_lines": []}, "ValidationResult": {"executed_lines": [68], "summary": {"covered_lines": 1, "num_statements": 4, "percent_covered": 25.0, "percent_covered_display": "25", "missing_lines": 3, "excluded_lines": 0}, "missing_lines": [58, 64, 72], "excluded_lines": []}, "EmailValidator": {"executed_lines": [87, 98, 107, 117, 128, 129, 130, 133, 136, 139, 140, 143, 146, 149, 150, 151, 154, 156, 165, 168, 175, 176, 183, 184, 193, 194, 204, 205, 214, 218, 221, 231, 232, 241, 242, 243, 255, 256, 265, 269, 272, 273, 274, 286, 287, 288, 300, 301, 310, 314, 317, 318, 320, 321, 322, 332, 333, 335, 336, 337, 339, 340, 349, 350, 351, 352, 354, 355, 364, 368, 369, 372, 373, 374, 375, 376, 378, 389, 390, 391, 401, 402, 412], "summary": {"covered_lines": 83, "num_statements": 102, "percent_covered": 81.37254901960785, "percent_covered_display": "81", "missing_lines": 19, "excluded_lines": 0}, "missing_lines": [118, 169, 195, 196, 206, 244, 250, 252, 257, 275, 276, 289, 290, 302, 323, 356, 379, 392, 403], "excluded_lines": []}, "ConfigValidator": {"executed_lines": [], "summary": {"covered_lines": 0, "num_statements": 20, "percent_covered": 0.0, "percent_covered_display": "0", "missing_lines": 20, "excluded_lines": 0}, "missing_lines": [439, 442, 443, 444, 445, 453, 454, 455, 456, 464, 465, 466, 474, 475, 476, 477, 478, 479, 486, 488], "excluded_lines": []}, "": {"executed_lines": [1, 3, 5, 6, 7, 8, 9, 10, 12, 15, 16, 17, 18, 19, 20, 23, 24, 25, 27, 28, 29, 30, 31, 32, 34, 46, 47, 48, 50, 51, 52, 53, 55, 56, 61, 62, 66, 70, 82, 83, 85, 115, 163, 216, 267, 312, 366, 416, 419, 422, 423, 424, 427, 429, 430, 433, 434, 436, 437], "summary": {"covered_lines": 53, "num_statements": 53, "percent_covered": 100.0, "percent_covered_display": "100", "missing_lines": 0, "excluded_lines": 0}, "missing_lines": [], "excluded_lines": []}}}}, "totals": {"covered_lines": 1948, "num_statements": 15230, "percent_covered": 12.790544977019042, "percent_covered_display": "13", "missing_lines": 13282, "excluded_lines": 103}}